---------------------------------------------------------------
[ 2018-03-13T16:11:56+08:00 ] 127.0.0.1 127.0.0.1 GET /thinkphp/thinkphp/public/
[ info ] 127.0.0.1/thinkphp/thinkphp/public/ [运行时间：0.652467s][吞吐率：1.53req/s] [内存消耗：1,654.91kb] [文件加载：48]
[ info ] [ LANG ] I:\php study\WWW\thinkphp\thinkphp\thinkphp\lang\zh-cn.php
[ info ] [ ROUTE ] array (
  'type' => 'module',
  'module' => 
  array (
    0 => '',
    1 => NULL,
    2 => NULL,
  ),
)
[ info ] [ HEADER ] array (
  'cookie' => 'PHPSESSID=ne7o9l3mu99f7gulutoslcrbu5',
  'accept-language' => 'zh-CN,zh;q=0.9',
  'accept-encoding' => 'gzip, deflate, br',
  'referer' => 'http://127.0.0.1/thinkphp/thinkphp/',
  'accept' => 'text/html,application/xhtml+xml,application/xml;q=0.9,image/webp,image/apng,*/*;q=0.8',
  'user-agent' => 'Mozilla/5.0 (Windows NT 10.0; Win64; x64) AppleWebKit/537.36 (KHTML, like Gecko) Chrome/64.0.3282.186 Safari/537.36',
  'upgrade-insecure-requests' => '1',
  'connection' => 'close',
  'host' => '127.0.0.1',
)
[ info ] [ PARAM ] array (
)
[ info ] [ LOG ] INIT File
---------------------------------------------------------------
[ 2018-03-13T16:20:13+08:00 ] 0.0.0.0 127.0.0.1 GET /
[ info ] 127.0.0.1:86/ [运行时间：0.110066s][吞吐率：9.09req/s] [内存消耗：1,654.64kb] [文件加载：48]
[ info ] [ LANG ] I:\php study\WWW\thinkphp\thinkphp\thinkphp\lang\zh-cn.php
[ info ] [ ROUTE ] array (
  'type' => 'module',
  'module' => 
  array (
    0 => '',
    1 => NULL,
    2 => NULL,
  ),
)
[ info ] [ HEADER ] array (
  'host' => '127.0.0.1:86',
  'connection' => 'keep-alive',
  'upgrade-insecure-requests' => '1',
  'user-agent' => 'Mozilla/5.0 (Windows NT 10.0; Win64; x64) AppleWebKit/537.36 (KHTML, like Gecko) Chrome/64.0.3282.186 Safari/537.36',
  'accept' => 'text/html,application/xhtml+xml,application/xml;q=0.9,image/webp,image/apng,*/*;q=0.8',
  'accept-encoding' => 'gzip, deflate, br',
  'accept-language' => 'zh-CN,zh;q=0.9',
  'cookie' => 'PHPSESSID=ne7o9l3mu99f7gulutoslcrbu5',
)
[ info ] [ PARAM ] array (
)
[ info ] [ LOG ] INIT File
---------------------------------------------------------------
[ 2018-03-13T16:22:38+08:00 ] 0.0.0.0 127.0.0.1 GET /index/index/sdelete
[ info ] 127.0.0.1:86/index/index/sdelete [运行时间：0.033514s][吞吐率：29.84req/s] [内存消耗：1,654.75kb] [文件加载：48]
[ info ] [ LANG ] I:\php study\WWW\thinkphp\thinkphp\thinkphp\lang\zh-cn.php
[ info ] [ ROUTE ] array (
  'type' => 'module',
  'module' => 
  array (
    0 => 'index',
    1 => 'index',
    2 => 'sdelete',
  ),
)
[ info ] [ HEADER ] array (
  'host' => '127.0.0.1:86',
  'connection' => 'keep-alive',
  'upgrade-insecure-requests' => '1',
  'user-agent' => 'Mozilla/5.0 (Windows NT 10.0; Win64; x64) AppleWebKit/537.36 (KHTML, like Gecko) Chrome/64.0.3282.186 Safari/537.36',
  'accept' => 'text/html,application/xhtml+xml,application/xml;q=0.9,image/webp,image/apng,*/*;q=0.8',
  'accept-encoding' => 'gzip, deflate, br',
  'accept-language' => 'zh-CN,zh;q=0.9',
  'cookie' => 'PHPSESSID=ne7o9l3mu99f7gulutoslcrbu5',
)
[ info ] [ PARAM ] array (
)
[ info ] [ LOG ] INIT File
---------------------------------------------------------------
[ 2018-03-13T16:26:26+08:00 ] 127.0.0.1 127.0.0.1 GET /thinkphp/thinkphp/public/
[ info ] 127.0.0.1/thinkphp/thinkphp/public/ [运行时间：0.030294s][吞吐率：33.01req/s] [内存消耗：1,654.96kb] [文件加载：48]
[ info ] [ LANG ] I:\php study\WWW\thinkphp\thinkphp\thinkphp\lang\zh-cn.php
[ info ] [ ROUTE ] array (
  'type' => 'module',
  'module' => 
  array (
    0 => '',
    1 => NULL,
    2 => NULL,
  ),
)
[ info ] [ HEADER ] array (
  'cookie' => 'PHPSESSID=ne7o9l3mu99f7gulutoslcrbu5',
  'accept-language' => 'zh-CN,zh;q=0.9',
  'accept-encoding' => 'gzip, deflate, br',
  'referer' => 'http://127.0.0.1/thinkphp/thinkphp/',
  'accept' => 'text/html,application/xhtml+xml,application/xml;q=0.9,image/webp,image/apng,*/*;q=0.8',
  'user-agent' => 'Mozilla/5.0 (Windows NT 10.0; Win64; x64) AppleWebKit/537.36 (KHTML, like Gecko) Chrome/64.0.3282.186 Safari/537.36',
  'upgrade-insecure-requests' => '1',
  'cache-control' => 'max-age=0',
  'connection' => 'close',
  'host' => '127.0.0.1',
)
[ info ] [ PARAM ] array (
)
[ info ] [ LOG ] INIT File
---------------------------------------------------------------
[ 2018-03-13T16:26:26+08:00 ] 127.0.0.1 127.0.0.1 GET /thinkphp/thinkphp/public/
[ info ] 127.0.0.1/thinkphp/thinkphp/public/ [运行时间：0.023101s][吞吐率：43.29req/s] [内存消耗：1,654.96kb] [文件加载：48]
[ info ] [ LANG ] I:\php study\WWW\thinkphp\thinkphp\thinkphp\lang\zh-cn.php
[ info ] [ ROUTE ] array (
  'type' => 'module',
  'module' => 
  array (
    0 => '',
    1 => NULL,
    2 => NULL,
  ),
)
[ info ] [ HEADER ] array (
  'cookie' => 'PHPSESSID=ne7o9l3mu99f7gulutoslcrbu5',
  'accept-language' => 'zh-CN,zh;q=0.9',
  'accept-encoding' => 'gzip, deflate, br',
  'referer' => 'http://127.0.0.1/thinkphp/thinkphp/',
  'accept' => 'text/html,application/xhtml+xml,application/xml;q=0.9,image/webp,image/apng,*/*;q=0.8',
  'user-agent' => 'Mozilla/5.0 (Windows NT 10.0; Win64; x64) AppleWebKit/537.36 (KHTML, like Gecko) Chrome/64.0.3282.186 Safari/537.36',
  'upgrade-insecure-requests' => '1',
  'cache-control' => 'max-age=0',
  'connection' => 'close',
  'host' => '127.0.0.1',
)
[ info ] [ PARAM ] array (
)
[ info ] [ LOG ] INIT File
---------------------------------------------------------------
[ 2018-03-13T16:26:27+08:00 ] 127.0.0.1 127.0.0.1 GET /thinkphp/thinkphp/public/
[ info ] 127.0.0.1/thinkphp/thinkphp/public/ [运行时间：0.019445s][吞吐率：51.43req/s] [内存消耗：1,654.96kb] [文件加载：48]
[ info ] [ LANG ] I:\php study\WWW\thinkphp\thinkphp\thinkphp\lang\zh-cn.php
[ info ] [ ROUTE ] array (
  'type' => 'module',
  'module' => 
  array (
    0 => '',
    1 => NULL,
    2 => NULL,
  ),
)
[ info ] [ HEADER ] array (
  'cookie' => 'PHPSESSID=ne7o9l3mu99f7gulutoslcrbu5',
  'accept-language' => 'zh-CN,zh;q=0.9',
  'accept-encoding' => 'gzip, deflate, br',
  'referer' => 'http://127.0.0.1/thinkphp/thinkphp/',
  'accept' => 'text/html,application/xhtml+xml,application/xml;q=0.9,image/webp,image/apng,*/*;q=0.8',
  'user-agent' => 'Mozilla/5.0 (Windows NT 10.0; Win64; x64) AppleWebKit/537.36 (KHTML, like Gecko) Chrome/64.0.3282.186 Safari/537.36',
  'upgrade-insecure-requests' => '1',
  'cache-control' => 'max-age=0',
  'connection' => 'close',
  'host' => '127.0.0.1',
)
[ info ] [ PARAM ] array (
)
[ info ] [ LOG ] INIT File
---------------------------------------------------------------
[ 2018-03-13T16:26:27+08:00 ] 127.0.0.1 127.0.0.1 GET /thinkphp/thinkphp/public/
[ info ] 127.0.0.1/thinkphp/thinkphp/public/ [运行时间：0.024598s][吞吐率：40.65req/s] [内存消耗：1,654.96kb] [文件加载：48]
[ info ] [ LANG ] I:\php study\WWW\thinkphp\thinkphp\thinkphp\lang\zh-cn.php
[ info ] [ ROUTE ] array (
  'type' => 'module',
  'module' => 
  array (
    0 => '',
    1 => NULL,
    2 => NULL,
  ),
)
[ info ] [ HEADER ] array (
  'cookie' => 'PHPSESSID=ne7o9l3mu99f7gulutoslcrbu5',
  'accept-language' => 'zh-CN,zh;q=0.9',
  'accept-encoding' => 'gzip, deflate, br',
  'referer' => 'http://127.0.0.1/thinkphp/thinkphp/',
  'accept' => 'text/html,application/xhtml+xml,application/xml;q=0.9,image/webp,image/apng,*/*;q=0.8',
  'user-agent' => 'Mozilla/5.0 (Windows NT 10.0; Win64; x64) AppleWebKit/537.36 (KHTML, like Gecko) Chrome/64.0.3282.186 Safari/537.36',
  'upgrade-insecure-requests' => '1',
  'cache-control' => 'max-age=0',
  'connection' => 'close',
  'host' => '127.0.0.1',
)
[ info ] [ PARAM ] array (
)
[ info ] [ LOG ] INIT File
---------------------------------------------------------------
[ 2018-03-13T16:29:29+08:00 ] 0.0.0.0 127.0.0.1 GET /admin/user/index
[ info ] 127.0.0.1:86/admin/user/index [运行时间：1.603491s][吞吐率：0.62req/s] [内存消耗：3,213.70kb] [文件加载：132]
[ info ] [ LANG ] I:\php study\WWW\thinkphp\thinkphp\thinkphp\lang\zh-cn.php
[ info ] [ ROUTE ] array (
  'type' => 'module',
  'module' => 
  array (
    0 => 'admin',
    1 => 'user',
    2 => 'index',
  ),
)
[ info ] [ HEADER ] array (
  'host' => '127.0.0.1:86',
  'connection' => 'keep-alive',
  'upgrade-insecure-requests' => '1',
  'user-agent' => 'Mozilla/5.0 (Windows NT 10.0; Win64; x64) AppleWebKit/537.36 (KHTML, like Gecko) Chrome/64.0.3282.186 Safari/537.36',
  'accept' => 'text/html,application/xhtml+xml,application/xml;q=0.9,image/webp,image/apng,*/*;q=0.8',
  'accept-encoding' => 'gzip, deflate, br',
  'accept-language' => 'zh-CN,zh;q=0.9',
  'cookie' => 'PHPSESSID=ne7o9l3mu99f7gulutoslcrbu5',
)
[ info ] [ PARAM ] array (
)
[ info ] [ RUN ] app\admin\controller\UserController->index[ I:\php study\WWW\thinkphp\thinkphp\application\admin\controller\UserController.php ]
[ info ] [ LOG ] INIT File
[ error ] [0]cURL error 77: error setting certificate verify locations:
  CAfile: G:\thinkphp\cacert.pem
  CApath: none (see http://curl.haxx.se/libcurl/c/libcurl-errors.html)[I:\php study\WWW\thinkphp\thinkphp\vendor\guzzlehttp\guzzle\src\Handler\CurlFactory.php:187]
---------------------------------------------------------------
[ 2018-03-13T16:31:51+08:00 ] 0.0.0.0 127.0.0.1 GET /admin/index/docreate
[ info ] 127.0.0.1:86/admin/index/docreate [运行时间：0.087585s][吞吐率：11.42req/s] [内存消耗：1,865.08kb] [文件加载：51]
[ info ] [ LANG ] I:\php study\WWW\thinkphp\thinkphp\thinkphp\lang\zh-cn.php
[ info ] [ ROUTE ] array (
  'type' => 'module',
  'module' => 
  array (
    0 => 'admin',
    1 => 'index',
    2 => 'docreate',
  ),
)
[ info ] [ HEADER ] array (
  'host' => '127.0.0.1:86',
  'connection' => 'keep-alive',
  'upgrade-insecure-requests' => '1',
  'user-agent' => 'Mozilla/5.0 (Windows NT 10.0; Win64; x64) AppleWebKit/537.36 (KHTML, like Gecko) Chrome/64.0.3282.186 Safari/537.36',
  'accept' => 'text/html,application/xhtml+xml,application/xml;q=0.9,image/webp,image/apng,*/*;q=0.8',
  'accept-encoding' => 'gzip, deflate, br',
  'accept-language' => 'zh-CN,zh;q=0.9',
  'cookie' => 'PHPSESSID=ne7o9l3mu99f7gulutoslcrbu5',
)
[ info ] [ PARAM ] array (
)
[ info ] [ RUN ] app\admin\controller\IndexController->docreate[ I:\php study\WWW\thinkphp\thinkphp\application\admin\controller\IndexController.php ]
[ info ] [ LOG ] INIT File
---------------------------------------------------------------
[ 2018-03-13T16:33:05+08:00 ] 0.0.0.0 127.0.0.1 GET /admin/news/newstest
[ info ] 127.0.0.1:86/admin/news/newstest [运行时间：0.077244s][吞吐率：12.95req/s] [内存消耗：1,928.98kb] [文件加载：54]
[ info ] [ LANG ] I:\php study\WWW\thinkphp\thinkphp\thinkphp\lang\zh-cn.php
[ info ] [ ROUTE ] array (
  'type' => 'module',
  'module' => 
  array (
    0 => 'admin',
    1 => 'news',
    2 => 'newstest',
  ),
)
[ info ] [ HEADER ] array (
  'host' => '127.0.0.1:86',
  'connection' => 'keep-alive',
  'upgrade-insecure-requests' => '1',
  'user-agent' => 'Mozilla/5.0 (Windows NT 10.0; Win64; x64) AppleWebKit/537.36 (KHTML, like Gecko) Chrome/64.0.3282.186 Safari/537.36',
  'accept' => 'text/html,application/xhtml+xml,application/xml;q=0.9,image/webp,image/apng,*/*;q=0.8',
  'accept-encoding' => 'gzip, deflate, br',
  'accept-language' => 'zh-CN,zh;q=0.9',
  'cookie' => 'PHPSESSID=ne7o9l3mu99f7gulutoslcrbu5',
)
[ info ] [ PARAM ] array (
)
[ info ] [ LOG ] INIT File
---------------------------------------------------------------
[ 2018-03-13T16:33:14+08:00 ] 0.0.0.0 127.0.0.1 GET /admin/news/newstext
[ info ] 127.0.0.1:86/admin/news/newstext [运行时间：0.104998s][吞吐率：9.52req/s] [内存消耗：1,932.01kb] [文件加载：54]
[ info ] [ LANG ] I:\php study\WWW\thinkphp\thinkphp\thinkphp\lang\zh-cn.php
[ info ] [ ROUTE ] array (
  'type' => 'module',
  'module' => 
  array (
    0 => 'admin',
    1 => 'news',
    2 => 'newstext',
  ),
)
[ info ] [ HEADER ] array (
  'host' => '127.0.0.1:86',
  'connection' => 'keep-alive',
  'upgrade-insecure-requests' => '1',
  'user-agent' => 'Mozilla/5.0 (Windows NT 10.0; Win64; x64) AppleWebKit/537.36 (KHTML, like Gecko) Chrome/64.0.3282.186 Safari/537.36',
  'accept' => 'text/html,application/xhtml+xml,application/xml;q=0.9,image/webp,image/apng,*/*;q=0.8',
  'accept-encoding' => 'gzip, deflate, br',
  'accept-language' => 'zh-CN,zh;q=0.9',
  'cookie' => 'PHPSESSID=ne7o9l3mu99f7gulutoslcrbu5',
)
[ info ] [ PARAM ] array (
)
[ info ] [ RUN ] app\admin\controller\NewsController->newstext[ I:\php study\WWW\thinkphp\thinkphp\application\admin\controller\NewsController.php ]
[ info ] [ LOG ] INIT File
[ error ] [0]致命错误: Class 'app\common\model\Image' not found[I:\php study\WWW\thinkphp\thinkphp\application\admin\controller\NewsController.php:96]
---------------------------------------------------------------
[ 2018-03-13T16:34:13+08:00 ] 0.0.0.0 127.0.0.1 GET /admin/news/newstext
[ info ] 127.0.0.1:86/admin/news/newstext [运行时间：0.041395s][吞吐率：24.16req/s] [内存消耗：1,932.29kb] [文件加载：54]
[ info ] [ LANG ] I:\php study\WWW\thinkphp\thinkphp\thinkphp\lang\zh-cn.php
[ info ] [ ROUTE ] array (
  'type' => 'module',
  'module' => 
  array (
    0 => 'admin',
    1 => 'news',
    2 => 'newstext',
  ),
)
[ info ] [ HEADER ] array (
  'host' => '127.0.0.1:86',
  'connection' => 'keep-alive',
  'cache-control' => 'max-age=0',
  'upgrade-insecure-requests' => '1',
  'user-agent' => 'Mozilla/5.0 (Windows NT 10.0; Win64; x64) AppleWebKit/537.36 (KHTML, like Gecko) Chrome/64.0.3282.186 Safari/537.36',
  'accept' => 'text/html,application/xhtml+xml,application/xml;q=0.9,image/webp,image/apng,*/*;q=0.8',
  'accept-encoding' => 'gzip, deflate, br',
  'accept-language' => 'zh-CN,zh;q=0.9',
  'cookie' => 'PHPSESSID=ne7o9l3mu99f7gulutoslcrbu5',
)
[ info ] [ PARAM ] array (
)
[ info ] [ RUN ] app\admin\controller\NewsController->newstext[ I:\php study\WWW\thinkphp\thinkphp\application\admin\controller\NewsController.php ]
[ info ] [ LOG ] INIT File
[ error ] [0]致命错误: Class 'app\common\model\Image' not found[I:\php study\WWW\thinkphp\thinkphp\application\admin\controller\NewsController.php:96]
---------------------------------------------------------------
[ 2018-03-13T16:34:14+08:00 ] 0.0.0.0 127.0.0.1 GET /admin/news/newstext
[ info ] 127.0.0.1:86/admin/news/newstext [运行时间：0.032156s][吞吐率：31.10req/s] [内存消耗：1,932.29kb] [文件加载：54]
[ info ] [ LANG ] I:\php study\WWW\thinkphp\thinkphp\thinkphp\lang\zh-cn.php
[ info ] [ ROUTE ] array (
  'type' => 'module',
  'module' => 
  array (
    0 => 'admin',
    1 => 'news',
    2 => 'newstext',
  ),
)
[ info ] [ HEADER ] array (
  'host' => '127.0.0.1:86',
  'connection' => 'keep-alive',
  'cache-control' => 'max-age=0',
  'upgrade-insecure-requests' => '1',
  'user-agent' => 'Mozilla/5.0 (Windows NT 10.0; Win64; x64) AppleWebKit/537.36 (KHTML, like Gecko) Chrome/64.0.3282.186 Safari/537.36',
  'accept' => 'text/html,application/xhtml+xml,application/xml;q=0.9,image/webp,image/apng,*/*;q=0.8',
  'accept-encoding' => 'gzip, deflate, br',
  'accept-language' => 'zh-CN,zh;q=0.9',
  'cookie' => 'PHPSESSID=ne7o9l3mu99f7gulutoslcrbu5',
)
[ info ] [ PARAM ] array (
)
[ info ] [ RUN ] app\admin\controller\NewsController->newstext[ I:\php study\WWW\thinkphp\thinkphp\application\admin\controller\NewsController.php ]
[ info ] [ LOG ] INIT File
[ error ] [0]致命错误: Class 'app\common\model\Image' not found[I:\php study\WWW\thinkphp\thinkphp\application\admin\controller\NewsController.php:96]
---------------------------------------------------------------
[ 2018-03-13T16:34:14+08:00 ] 0.0.0.0 127.0.0.1 GET /admin/news/newstext
[ info ] 127.0.0.1:86/admin/news/newstext [运行时间：0.029498s][吞吐率：33.90req/s] [内存消耗：1,932.29kb] [文件加载：54]
[ info ] [ LANG ] I:\php study\WWW\thinkphp\thinkphp\thinkphp\lang\zh-cn.php
[ info ] [ ROUTE ] array (
  'type' => 'module',
  'module' => 
  array (
    0 => 'admin',
    1 => 'news',
    2 => 'newstext',
  ),
)
[ info ] [ HEADER ] array (
  'host' => '127.0.0.1:86',
  'connection' => 'keep-alive',
  'cache-control' => 'max-age=0',
  'upgrade-insecure-requests' => '1',
  'user-agent' => 'Mozilla/5.0 (Windows NT 10.0; Win64; x64) AppleWebKit/537.36 (KHTML, like Gecko) Chrome/64.0.3282.186 Safari/537.36',
  'accept' => 'text/html,application/xhtml+xml,application/xml;q=0.9,image/webp,image/apng,*/*;q=0.8',
  'accept-encoding' => 'gzip, deflate, br',
  'accept-language' => 'zh-CN,zh;q=0.9',
  'cookie' => 'PHPSESSID=ne7o9l3mu99f7gulutoslcrbu5',
)
[ info ] [ PARAM ] array (
)
[ info ] [ RUN ] app\admin\controller\NewsController->newstext[ I:\php study\WWW\thinkphp\thinkphp\application\admin\controller\NewsController.php ]
[ info ] [ LOG ] INIT File
[ error ] [0]致命错误: Class 'app\common\model\Image' not found[I:\php study\WWW\thinkphp\thinkphp\application\admin\controller\NewsController.php:96]
---------------------------------------------------------------
[ 2018-03-13T16:34:14+08:00 ] 0.0.0.0 127.0.0.1 GET /admin/news/newstext
[ info ] 127.0.0.1:86/admin/news/newstext [运行时间：0.030298s][吞吐率：33.01req/s] [内存消耗：1,932.29kb] [文件加载：54]
[ info ] [ LANG ] I:\php study\WWW\thinkphp\thinkphp\thinkphp\lang\zh-cn.php
[ info ] [ ROUTE ] array (
  'type' => 'module',
  'module' => 
  array (
    0 => 'admin',
    1 => 'news',
    2 => 'newstext',
  ),
)
[ info ] [ HEADER ] array (
  'host' => '127.0.0.1:86',
  'connection' => 'keep-alive',
  'cache-control' => 'max-age=0',
  'upgrade-insecure-requests' => '1',
  'user-agent' => 'Mozilla/5.0 (Windows NT 10.0; Win64; x64) AppleWebKit/537.36 (KHTML, like Gecko) Chrome/64.0.3282.186 Safari/537.36',
  'accept' => 'text/html,application/xhtml+xml,application/xml;q=0.9,image/webp,image/apng,*/*;q=0.8',
  'accept-encoding' => 'gzip, deflate, br',
  'accept-language' => 'zh-CN,zh;q=0.9',
  'cookie' => 'PHPSESSID=ne7o9l3mu99f7gulutoslcrbu5',
)
[ info ] [ PARAM ] array (
)
[ info ] [ RUN ] app\admin\controller\NewsController->newstext[ I:\php study\WWW\thinkphp\thinkphp\application\admin\controller\NewsController.php ]
[ info ] [ LOG ] INIT File
[ error ] [0]致命错误: Class 'app\common\model\Image' not found[I:\php study\WWW\thinkphp\thinkphp\application\admin\controller\NewsController.php:96]
---------------------------------------------------------------
[ 2018-03-13T16:34:15+08:00 ] 0.0.0.0 127.0.0.1 GET /admin/news/newstext
[ info ] 127.0.0.1:86/admin/news/newstext [运行时间：0.032505s][吞吐率：30.76req/s] [内存消耗：1,932.29kb] [文件加载：54]
[ info ] [ LANG ] I:\php study\WWW\thinkphp\thinkphp\thinkphp\lang\zh-cn.php
[ info ] [ ROUTE ] array (
  'type' => 'module',
  'module' => 
  array (
    0 => 'admin',
    1 => 'news',
    2 => 'newstext',
  ),
)
[ info ] [ HEADER ] array (
  'host' => '127.0.0.1:86',
  'connection' => 'keep-alive',
  'cache-control' => 'max-age=0',
  'upgrade-insecure-requests' => '1',
  'user-agent' => 'Mozilla/5.0 (Windows NT 10.0; Win64; x64) AppleWebKit/537.36 (KHTML, like Gecko) Chrome/64.0.3282.186 Safari/537.36',
  'accept' => 'text/html,application/xhtml+xml,application/xml;q=0.9,image/webp,image/apng,*/*;q=0.8',
  'accept-encoding' => 'gzip, deflate, br',
  'accept-language' => 'zh-CN,zh;q=0.9',
  'cookie' => 'PHPSESSID=ne7o9l3mu99f7gulutoslcrbu5',
)
[ info ] [ PARAM ] array (
)
[ info ] [ RUN ] app\admin\controller\NewsController->newstext[ I:\php study\WWW\thinkphp\thinkphp\application\admin\controller\NewsController.php ]
[ info ] [ LOG ] INIT File
[ error ] [0]致命错误: Class 'app\common\model\Image' not found[I:\php study\WWW\thinkphp\thinkphp\application\admin\controller\NewsController.php:96]
---------------------------------------------------------------
[ 2018-03-13T16:34:15+08:00 ] 0.0.0.0 127.0.0.1 GET /admin/news/newstext
[ info ] 127.0.0.1:86/admin/news/newstext [运行时间：0.031091s][吞吐率：32.16req/s] [内存消耗：1,932.29kb] [文件加载：54]
[ info ] [ LANG ] I:\php study\WWW\thinkphp\thinkphp\thinkphp\lang\zh-cn.php
[ info ] [ ROUTE ] array (
  'type' => 'module',
  'module' => 
  array (
    0 => 'admin',
    1 => 'news',
    2 => 'newstext',
  ),
)
[ info ] [ HEADER ] array (
  'host' => '127.0.0.1:86',
  'connection' => 'keep-alive',
  'cache-control' => 'max-age=0',
  'upgrade-insecure-requests' => '1',
  'user-agent' => 'Mozilla/5.0 (Windows NT 10.0; Win64; x64) AppleWebKit/537.36 (KHTML, like Gecko) Chrome/64.0.3282.186 Safari/537.36',
  'accept' => 'text/html,application/xhtml+xml,application/xml;q=0.9,image/webp,image/apng,*/*;q=0.8',
  'accept-encoding' => 'gzip, deflate, br',
  'accept-language' => 'zh-CN,zh;q=0.9',
  'cookie' => 'PHPSESSID=ne7o9l3mu99f7gulutoslcrbu5',
)
[ info ] [ PARAM ] array (
)
[ info ] [ RUN ] app\admin\controller\NewsController->newstext[ I:\php study\WWW\thinkphp\thinkphp\application\admin\controller\NewsController.php ]
[ info ] [ LOG ] INIT File
[ error ] [0]致命错误: Class 'app\common\model\Image' not found[I:\php study\WWW\thinkphp\thinkphp\application\admin\controller\NewsController.php:96]
---------------------------------------------------------------
[ 2018-03-13T16:34:15+08:00 ] 0.0.0.0 127.0.0.1 GET /admin/news/newstext
[ info ] 127.0.0.1:86/admin/news/newstext [运行时间：0.028855s][吞吐率：34.66req/s] [内存消耗：1,932.29kb] [文件加载：54]
[ info ] [ LANG ] I:\php study\WWW\thinkphp\thinkphp\thinkphp\lang\zh-cn.php
[ info ] [ ROUTE ] array (
  'type' => 'module',
  'module' => 
  array (
    0 => 'admin',
    1 => 'news',
    2 => 'newstext',
  ),
)
[ info ] [ HEADER ] array (
  'host' => '127.0.0.1:86',
  'connection' => 'keep-alive',
  'cache-control' => 'max-age=0',
  'upgrade-insecure-requests' => '1',
  'user-agent' => 'Mozilla/5.0 (Windows NT 10.0; Win64; x64) AppleWebKit/537.36 (KHTML, like Gecko) Chrome/64.0.3282.186 Safari/537.36',
  'accept' => 'text/html,application/xhtml+xml,application/xml;q=0.9,image/webp,image/apng,*/*;q=0.8',
  'accept-encoding' => 'gzip, deflate, br',
  'accept-language' => 'zh-CN,zh;q=0.9',
  'cookie' => 'PHPSESSID=ne7o9l3mu99f7gulutoslcrbu5',
)
[ info ] [ PARAM ] array (
)
[ info ] [ RUN ] app\admin\controller\NewsController->newstext[ I:\php study\WWW\thinkphp\thinkphp\application\admin\controller\NewsController.php ]
[ info ] [ LOG ] INIT File
[ error ] [0]致命错误: Class 'app\common\model\Image' not found[I:\php study\WWW\thinkphp\thinkphp\application\admin\controller\NewsController.php:96]
---------------------------------------------------------------
[ 2018-03-13T16:46:59+08:00 ] 0.0.0.0 127.0.0.1 GET /admin/news/newstext
[ info ] 127.0.0.1:86/admin/news/newstext [运行时间：0.030489s][吞吐率：32.80req/s] [内存消耗：1,932.29kb] [文件加载：54]
[ info ] [ LANG ] I:\php study\WWW\thinkphp\thinkphp\thinkphp\lang\zh-cn.php
[ info ] [ ROUTE ] array (
  'type' => 'module',
  'module' => 
  array (
    0 => 'admin',
    1 => 'news',
    2 => 'newstext',
  ),
)
[ info ] [ HEADER ] array (
  'host' => '127.0.0.1:86',
  'connection' => 'keep-alive',
  'cache-control' => 'max-age=0',
  'upgrade-insecure-requests' => '1',
  'user-agent' => 'Mozilla/5.0 (Windows NT 10.0; Win64; x64) AppleWebKit/537.36 (KHTML, like Gecko) Chrome/64.0.3282.186 Safari/537.36',
  'accept' => 'text/html,application/xhtml+xml,application/xml;q=0.9,image/webp,image/apng,*/*;q=0.8',
  'accept-encoding' => 'gzip, deflate, br',
  'accept-language' => 'zh-CN,zh;q=0.9',
  'cookie' => 'PHPSESSID=ne7o9l3mu99f7gulutoslcrbu5',
)
[ info ] [ PARAM ] array (
)
[ info ] [ RUN ] app\admin\controller\NewsController->newstext[ I:\php study\WWW\thinkphp\thinkphp\application\admin\controller\NewsController.php ]
[ info ] [ LOG ] INIT File
[ error ] [0]致命错误: Class 'app\common\model\Image' not found[I:\php study\WWW\thinkphp\thinkphp\application\admin\controller\NewsController.php:96]
