---------------------------------------------------------------
[ 2017-11-24T23:38:43+08:00 ] 0.0.0.0 127.0.0.1 GET /admin/news/index
[ info ] 127.0.0.1:86/admin/news/index [运行时间：1.082062s][吞吐率：0.92req/s] [内存消耗：1,370.06kb] [文件加载：48]
[ info ] [ LANG ] G:\php study\WWW\thinkphp\thinkphp\thinkphp\lang\zh-cn.php
[ info ] [ ROUTE ] array (
  'type' => 'module',
  'module' => 
  array (
    0 => 'admin',
    1 => 'news',
    2 => 'index',
  ),
)
[ info ] [ HEADER ] array (
  'host' => '127.0.0.1:86',
  'connection' => 'keep-alive',
  'user-agent' => 'Mozilla/5.0 (Windows NT 6.1; WOW64) AppleWebKit/537.36 (KHTML, like Gecko) Chrome/62.0.3202.9 Safari/537.36',
  'upgrade-insecure-requests' => '1',
  'accept' => 'text/html,application/xhtml+xml,application/xml;q=0.9,image/webp,image/apng,*/*;q=0.8',
  'accept-encoding' => 'gzip, deflate, br',
  'accept-language' => 'zh-CN,zh;q=0.8',
)
[ info ] [ PARAM ] array (
)
[ info ] [ LOG ] INIT File
---------------------------------------------------------------
[ 2017-11-24T23:39:13+08:00 ] 0.0.0.0 127.0.0.1 GET /admin/index/index
[ info ] 127.0.0.1:86/admin/index/index [运行时间：6.804390s][吞吐率：0.15req/s] [内存消耗：2,623.74kb] [文件加载：130]
[ info ] [ LANG ] G:\php study\WWW\thinkphp\thinkphp\thinkphp\lang\zh-cn.php
[ info ] [ ROUTE ] array (
  'type' => 'module',
  'module' => 
  array (
    0 => 'admin',
    1 => 'index',
    2 => 'index',
  ),
)
[ info ] [ HEADER ] array (
  'host' => '127.0.0.1:86',
  'connection' => 'keep-alive',
  'user-agent' => 'Mozilla/5.0 (Windows NT 6.1; WOW64) AppleWebKit/537.36 (KHTML, like Gecko) Chrome/62.0.3202.9 Safari/537.36',
  'upgrade-insecure-requests' => '1',
  'accept' => 'text/html,application/xhtml+xml,application/xml;q=0.9,image/webp,image/apng,*/*;q=0.8',
  'accept-encoding' => 'gzip, deflate, br',
  'accept-language' => 'zh-CN,zh;q=0.8',
)
[ info ] [ PARAM ] array (
)
[ info ] [ RUN ] app\admin\controller\IndexController->index[ G:\php study\WWW\thinkphp\thinkphp\application\admin\controller\IndexController.php ]
[ info ] [ LOG ] INIT File
