---------------------------------------------------------------
[ 2017-11-25T12:53:21+08:00 ] 0.0.0.0 127.0.0.1 GET /admin/index/index
[ info ] 127.0.0.1:86/admin/index/index [运行时间：4.369250s][吞吐率：0.23req/s] [内存消耗：2,623.73kb] [文件加载：130]
[ info ] [ LANG ] G:\php study\WWW\thinkphp\thinkphp\thinkphp\lang\zh-cn.php
[ info ] [ ROUTE ] array (
  'type' => 'module',
  'module' => 
  array (
    0 => 'admin',
    1 => 'index',
    2 => 'index',
  ),
)
[ info ] [ HEADER ] array (
  'host' => '127.0.0.1:86',
  'connection' => 'keep-alive',
  'user-agent' => 'Mozilla/5.0 (Windows NT 6.1; WOW64) AppleWebKit/537.36 (KHTML, like Gecko) Chrome/62.0.3202.9 Safari/537.36',
  'upgrade-insecure-requests' => '1',
  'accept' => 'text/html,application/xhtml+xml,application/xml;q=0.9,image/webp,image/apng,*/*;q=0.8',
  'accept-encoding' => 'gzip, deflate, br',
  'accept-language' => 'zh-CN,zh;q=0.8',
)
[ info ] [ PARAM ] array (
)
[ info ] [ RUN ] app\admin\controller\IndexController->index[ G:\php study\WWW\thinkphp\thinkphp\application\admin\controller\IndexController.php ]
[ info ] [ LOG ] INIT File
---------------------------------------------------------------
[ 2017-11-25T12:57:12+08:00 ] 0.0.0.0 127.0.0.1 GET /admin/index/docreate
[ info ] 127.0.0.1:86/admin/index/docreate [运行时间：0.355020s][吞吐率：2.82req/s] [内存消耗：2,410.07kb] [文件加载：104]
[ info ] [ LANG ] G:\php study\WWW\thinkphp\thinkphp\thinkphp\lang\zh-cn.php
[ info ] [ ROUTE ] array (
  'type' => 'module',
  'module' => 
  array (
    0 => 'admin',
    1 => 'index',
    2 => 'docreate',
  ),
)
[ info ] [ HEADER ] array (
  'host' => '127.0.0.1:86',
  'connection' => 'keep-alive',
  'user-agent' => 'Mozilla/5.0 (Windows NT 6.1; WOW64) AppleWebKit/537.36 (KHTML, like Gecko) Chrome/62.0.3202.9 Safari/537.36',
  'upgrade-insecure-requests' => '1',
  'accept' => 'text/html,application/xhtml+xml,application/xml;q=0.9,image/webp,image/apng,*/*;q=0.8',
  'accept-encoding' => 'gzip, deflate, br',
  'accept-language' => 'zh-CN,zh;q=0.8',
)
[ info ] [ PARAM ] array (
)
[ info ] [ RUN ] app\admin\controller\IndexController->docreate[ G:\php study\WWW\thinkphp\thinkphp\application\admin\controller\IndexController.php ]
[ info ] [ LOG ] INIT File
[ error ] [0]Invalid request.[G:\php study\WWW\thinkphp\thinkphp\vendor\overtrue\wechat\src\Server\Guard.php:346]
---------------------------------------------------------------
[ 2017-11-25T13:11:14+08:00 ] 0.0.0.0 127.0.0.1 GET /admin/index/docreate
[ info ] 127.0.0.1:86/admin/index/docreate [运行时间：0.120007s][吞吐率：8.33req/s] [内存消耗：2,098.48kb] [文件加载：104]
[ info ] [ LANG ] G:\php study\WWW\thinkphp\thinkphp\thinkphp\lang\zh-cn.php
[ info ] [ ROUTE ] array (
  'type' => 'module',
  'module' => 
  array (
    0 => 'admin',
    1 => 'index',
    2 => 'docreate',
  ),
)
[ info ] [ HEADER ] array (
  'host' => '127.0.0.1:86',
  'connection' => 'keep-alive',
  'cache-control' => 'max-age=0',
  'user-agent' => 'Mozilla/5.0 (Windows NT 6.1; WOW64) AppleWebKit/537.36 (KHTML, like Gecko) Chrome/62.0.3202.9 Safari/537.36',
  'upgrade-insecure-requests' => '1',
  'accept' => 'text/html,application/xhtml+xml,application/xml;q=0.9,image/webp,image/apng,*/*;q=0.8',
  'accept-encoding' => 'gzip, deflate, br',
  'accept-language' => 'zh-CN,zh;q=0.8',
)
[ info ] [ PARAM ] array (
)
[ info ] [ RUN ] app\admin\controller\IndexController->docreate[ G:\php study\WWW\thinkphp\thinkphp\application\admin\controller\IndexController.php ]
[ info ] [ LOG ] INIT File
[ error ] [0]Call to undefined method server()[G:\php study\WWW\thinkphp\thinkphp\vendor\overtrue\wechat\src\Foundation\Application.php:296]
