---------------------------------------------------------------
[ 2017-12-03T10:58:38+08:00 ] 0.0.0.0 127.0.0.1 GET /admin/index/index
[ info ] 127.0.0.1:86/admin/index/index [运行时间：3.292188s][吞吐率：0.30req/s] [内存消耗：2,632.58kb] [文件加载：131]
[ info ] [ LANG ] G:\php study\WWW\thinkphp\thinkphp\thinkphp\lang\zh-cn.php
[ info ] [ ROUTE ] array (
  'type' => 'module',
  'module' => 
  array (
    0 => 'admin',
    1 => 'index',
    2 => 'index',
  ),
)
[ info ] [ HEADER ] array (
  'host' => '127.0.0.1:86',
  'connection' => 'keep-alive',
  'user-agent' => 'Mozilla/5.0 (Windows NT 6.1; WOW64) AppleWebKit/537.36 (KHTML, like Gecko) Chrome/62.0.3202.9 Safari/537.36',
  'upgrade-insecure-requests' => '1',
  'accept' => 'text/html,application/xhtml+xml,application/xml;q=0.9,image/webp,image/apng,*/*;q=0.8',
  'accept-encoding' => 'gzip, deflate, br',
  'accept-language' => 'zh-CN,zh;q=0.8',
)
[ info ] [ PARAM ] array (
)
[ info ] [ RUN ] app\admin\controller\IndexController->index[ G:\php study\WWW\thinkphp\thinkphp\application\admin\controller\IndexController.php ]
[ info ] [ VIEW ] G:\php study\WWW\thinkphp\thinkphp\public/../application/admin\view\index\index.html [ array (
) ]
[ info ] [ LOG ] INIT File
---------------------------------------------------------------
[ 2017-12-03T10:58:41+08:00 ] 0.0.0.0 127.0.0.1 GET /admin/news/photos
[ info ] 127.0.0.1:86/admin/news/photos [运行时间：0.098005s][吞吐率：10.20req/s] [内存消耗：1,552.01kb] [文件加载：52]
[ info ] [ LANG ] G:\php study\WWW\thinkphp\thinkphp\thinkphp\lang\zh-cn.php
[ info ] [ ROUTE ] array (
  'type' => 'module',
  'module' => 
  array (
    0 => 'admin',
    1 => 'news',
    2 => 'photos',
  ),
)
[ info ] [ HEADER ] array (
  'host' => '127.0.0.1:86',
  'connection' => 'keep-alive',
  'upgrade-insecure-requests' => '1',
  'user-agent' => 'Mozilla/5.0 (Windows NT 6.1; WOW64) AppleWebKit/537.36 (KHTML, like Gecko) Chrome/62.0.3202.9 Safari/537.36',
  'accept' => 'text/html,application/xhtml+xml,application/xml;q=0.9,image/webp,image/apng,*/*;q=0.8',
  'referer' => 'http://127.0.0.1:86/admin/index/index',
  'accept-encoding' => 'gzip, deflate, br',
  'accept-language' => 'zh-CN,zh;q=0.8',
)
[ info ] [ PARAM ] array (
)
[ info ] [ RUN ] app\admin\controller\NewsController->photos[ G:\php study\WWW\thinkphp\thinkphp\application\admin\controller\NewsController.php ]
[ info ] [ VIEW ] G:\php study\WWW\thinkphp\thinkphp\public/../application/admin\view\news\photos.html [ array (
) ]
[ info ] [ LOG ] INIT File
---------------------------------------------------------------
[ 2017-12-03T10:59:38+08:00 ] 0.0.0.0 127.0.0.1 GET /admin/news/newstext
[ info ] 127.0.0.1:86/admin/news/newstext [运行时间：0.062004s][吞吐率：16.13req/s] [内存消耗：1,552.03kb] [文件加载：52]
[ info ] [ LANG ] G:\php study\WWW\thinkphp\thinkphp\thinkphp\lang\zh-cn.php
[ info ] [ ROUTE ] array (
  'type' => 'module',
  'module' => 
  array (
    0 => 'admin',
    1 => 'news',
    2 => 'newstext',
  ),
)
[ info ] [ HEADER ] array (
  'host' => '127.0.0.1:86',
  'connection' => 'keep-alive',
  'upgrade-insecure-requests' => '1',
  'user-agent' => 'Mozilla/5.0 (Windows NT 6.1; WOW64) AppleWebKit/537.36 (KHTML, like Gecko) Chrome/62.0.3202.9 Safari/537.36',
  'accept' => 'text/html,application/xhtml+xml,application/xml;q=0.9,image/webp,image/apng,*/*;q=0.8',
  'referer' => 'http://127.0.0.1:86/admin/news/photos',
  'accept-encoding' => 'gzip, deflate, br',
  'accept-language' => 'zh-CN,zh;q=0.8',
)
[ info ] [ PARAM ] array (
)
[ info ] [ RUN ] app\admin\controller\NewsController->newstext[ G:\php study\WWW\thinkphp\thinkphp\application\admin\controller\NewsController.php ]
[ info ] [ VIEW ] G:\php study\WWW\thinkphp\thinkphp\public/../application/admin\view\news\newstext.html [ array (
) ]
[ info ] [ LOG ] INIT File
---------------------------------------------------------------
[ 2017-12-03T11:00:54+08:00 ] 0.0.0.0 127.0.0.1 GET /admin/news/photos
[ info ] 127.0.0.1:86/admin/news/photos [运行时间：0.029001s][吞吐率：34.48req/s] [内存消耗：1,552.01kb] [文件加载：52]
[ info ] [ LANG ] G:\php study\WWW\thinkphp\thinkphp\thinkphp\lang\zh-cn.php
[ info ] [ ROUTE ] array (
  'type' => 'module',
  'module' => 
  array (
    0 => 'admin',
    1 => 'news',
    2 => 'photos',
  ),
)
[ info ] [ HEADER ] array (
  'host' => '127.0.0.1:86',
  'connection' => 'keep-alive',
  'upgrade-insecure-requests' => '1',
  'user-agent' => 'Mozilla/5.0 (Windows NT 6.1; WOW64) AppleWebKit/537.36 (KHTML, like Gecko) Chrome/62.0.3202.9 Safari/537.36',
  'accept' => 'text/html,application/xhtml+xml,application/xml;q=0.9,image/webp,image/apng,*/*;q=0.8',
  'referer' => 'http://127.0.0.1:86/admin/news/newstext',
  'accept-encoding' => 'gzip, deflate, br',
  'accept-language' => 'zh-CN,zh;q=0.8',
)
[ info ] [ PARAM ] array (
)
[ info ] [ RUN ] app\admin\controller\NewsController->photos[ G:\php study\WWW\thinkphp\thinkphp\application\admin\controller\NewsController.php ]
[ info ] [ VIEW ] G:\php study\WWW\thinkphp\thinkphp\public/../application/admin\view\news\photos.html [ array (
) ]
[ info ] [ LOG ] INIT File
---------------------------------------------------------------
[ 2017-12-03T11:05:55+08:00 ] 0.0.0.0 127.0.0.1 GET /admin/news/photos
[ info ] 127.0.0.1:86/admin/news/photos [运行时间：0.093006s][吞吐率：10.75req/s] [内存消耗：1,677.38kb] [文件加载：54]
[ info ] [ LANG ] G:\php study\WWW\thinkphp\thinkphp\thinkphp\lang\zh-cn.php
[ info ] [ ROUTE ] array (
  'type' => 'module',
  'module' => 
  array (
    0 => 'admin',
    1 => 'news',
    2 => 'photos',
  ),
)
[ info ] [ HEADER ] array (
  'host' => '127.0.0.1:86',
  'connection' => 'keep-alive',
  'cache-control' => 'max-age=0',
  'user-agent' => 'Mozilla/5.0 (Windows NT 6.1; WOW64) AppleWebKit/537.36 (KHTML, like Gecko) Chrome/62.0.3202.9 Safari/537.36',
  'upgrade-insecure-requests' => '1',
  'accept' => 'text/html,application/xhtml+xml,application/xml;q=0.9,image/webp,image/apng,*/*;q=0.8',
  'referer' => 'http://127.0.0.1:86/admin/news/newstext',
  'accept-encoding' => 'gzip, deflate, br',
  'accept-language' => 'zh-CN,zh;q=0.8',
)
[ info ] [ PARAM ] array (
)
[ info ] [ RUN ] app\admin\controller\NewsController->photos[ G:\php study\WWW\thinkphp\thinkphp\application\admin\controller\NewsController.php ]
[ info ] [ VIEW ] G:\php study\WWW\thinkphp\thinkphp\public/../application/admin\view\news\photos.html [ array (
) ]
[ info ] [ LOG ] INIT File
---------------------------------------------------------------
[ 2017-12-03T11:05:56+08:00 ] 0.0.0.0 127.0.0.1 GET /admin/news/photos
[ info ] 127.0.0.1:86/admin/news/photos [运行时间：0.027002s][吞吐率：37.03req/s] [内存消耗：1,552.41kb] [文件加载：52]
[ info ] [ LANG ] G:\php study\WWW\thinkphp\thinkphp\thinkphp\lang\zh-cn.php
[ info ] [ ROUTE ] array (
  'type' => 'module',
  'module' => 
  array (
    0 => 'admin',
    1 => 'news',
    2 => 'photos',
  ),
)
[ info ] [ HEADER ] array (
  'host' => '127.0.0.1:86',
  'connection' => 'keep-alive',
  'cache-control' => 'max-age=0',
  'user-agent' => 'Mozilla/5.0 (Windows NT 6.1; WOW64) AppleWebKit/537.36 (KHTML, like Gecko) Chrome/62.0.3202.9 Safari/537.36',
  'upgrade-insecure-requests' => '1',
  'accept' => 'text/html,application/xhtml+xml,application/xml;q=0.9,image/webp,image/apng,*/*;q=0.8',
  'referer' => 'http://127.0.0.1:86/admin/news/newstext',
  'accept-encoding' => 'gzip, deflate, br',
  'accept-language' => 'zh-CN,zh;q=0.8',
)
[ info ] [ PARAM ] array (
)
[ info ] [ RUN ] app\admin\controller\NewsController->photos[ G:\php study\WWW\thinkphp\thinkphp\application\admin\controller\NewsController.php ]
[ info ] [ VIEW ] G:\php study\WWW\thinkphp\thinkphp\public/../application/admin\view\news\photos.html [ array (
) ]
[ info ] [ LOG ] INIT File
---------------------------------------------------------------
[ 2017-12-03T11:05:56+08:00 ] 0.0.0.0 127.0.0.1 GET /admin/news/photos
[ info ] 127.0.0.1:86/admin/news/photos [运行时间：0.026001s][吞吐率：38.46req/s] [内存消耗：1,552.41kb] [文件加载：52]
[ info ] [ LANG ] G:\php study\WWW\thinkphp\thinkphp\thinkphp\lang\zh-cn.php
[ info ] [ ROUTE ] array (
  'type' => 'module',
  'module' => 
  array (
    0 => 'admin',
    1 => 'news',
    2 => 'photos',
  ),
)
[ info ] [ HEADER ] array (
  'host' => '127.0.0.1:86',
  'connection' => 'keep-alive',
  'cache-control' => 'max-age=0',
  'user-agent' => 'Mozilla/5.0 (Windows NT 6.1; WOW64) AppleWebKit/537.36 (KHTML, like Gecko) Chrome/62.0.3202.9 Safari/537.36',
  'upgrade-insecure-requests' => '1',
  'accept' => 'text/html,application/xhtml+xml,application/xml;q=0.9,image/webp,image/apng,*/*;q=0.8',
  'referer' => 'http://127.0.0.1:86/admin/news/newstext',
  'accept-encoding' => 'gzip, deflate, br',
  'accept-language' => 'zh-CN,zh;q=0.8',
)
[ info ] [ PARAM ] array (
)
[ info ] [ RUN ] app\admin\controller\NewsController->photos[ G:\php study\WWW\thinkphp\thinkphp\application\admin\controller\NewsController.php ]
[ info ] [ VIEW ] G:\php study\WWW\thinkphp\thinkphp\public/../application/admin\view\news\photos.html [ array (
) ]
[ info ] [ LOG ] INIT File
---------------------------------------------------------------
[ 2017-12-03T11:05:57+08:00 ] 0.0.0.0 127.0.0.1 GET /admin/news/photos
[ info ] 127.0.0.1:86/admin/news/photos [运行时间：0.027001s][吞吐率：37.04req/s] [内存消耗：1,552.41kb] [文件加载：52]
[ info ] [ LANG ] G:\php study\WWW\thinkphp\thinkphp\thinkphp\lang\zh-cn.php
[ info ] [ ROUTE ] array (
  'type' => 'module',
  'module' => 
  array (
    0 => 'admin',
    1 => 'news',
    2 => 'photos',
  ),
)
[ info ] [ HEADER ] array (
  'host' => '127.0.0.1:86',
  'connection' => 'keep-alive',
  'cache-control' => 'max-age=0',
  'user-agent' => 'Mozilla/5.0 (Windows NT 6.1; WOW64) AppleWebKit/537.36 (KHTML, like Gecko) Chrome/62.0.3202.9 Safari/537.36',
  'upgrade-insecure-requests' => '1',
  'accept' => 'text/html,application/xhtml+xml,application/xml;q=0.9,image/webp,image/apng,*/*;q=0.8',
  'referer' => 'http://127.0.0.1:86/admin/news/newstext',
  'accept-encoding' => 'gzip, deflate, br',
  'accept-language' => 'zh-CN,zh;q=0.8',
)
[ info ] [ PARAM ] array (
)
[ info ] [ RUN ] app\admin\controller\NewsController->photos[ G:\php study\WWW\thinkphp\thinkphp\application\admin\controller\NewsController.php ]
[ info ] [ VIEW ] G:\php study\WWW\thinkphp\thinkphp\public/../application/admin\view\news\photos.html [ array (
) ]
[ info ] [ LOG ] INIT File
---------------------------------------------------------------
[ 2017-12-03T11:05:57+08:00 ] 0.0.0.0 127.0.0.1 GET /admin/news/photos
[ info ] 127.0.0.1:86/admin/news/photos [运行时间：0.029002s][吞吐率：34.48req/s] [内存消耗：1,552.41kb] [文件加载：52]
[ info ] [ LANG ] G:\php study\WWW\thinkphp\thinkphp\thinkphp\lang\zh-cn.php
[ info ] [ ROUTE ] array (
  'type' => 'module',
  'module' => 
  array (
    0 => 'admin',
    1 => 'news',
    2 => 'photos',
  ),
)
[ info ] [ HEADER ] array (
  'host' => '127.0.0.1:86',
  'connection' => 'keep-alive',
  'cache-control' => 'max-age=0',
  'user-agent' => 'Mozilla/5.0 (Windows NT 6.1; WOW64) AppleWebKit/537.36 (KHTML, like Gecko) Chrome/62.0.3202.9 Safari/537.36',
  'upgrade-insecure-requests' => '1',
  'accept' => 'text/html,application/xhtml+xml,application/xml;q=0.9,image/webp,image/apng,*/*;q=0.8',
  'referer' => 'http://127.0.0.1:86/admin/news/newstext',
  'accept-encoding' => 'gzip, deflate, br',
  'accept-language' => 'zh-CN,zh;q=0.8',
)
[ info ] [ PARAM ] array (
)
[ info ] [ RUN ] app\admin\controller\NewsController->photos[ G:\php study\WWW\thinkphp\thinkphp\application\admin\controller\NewsController.php ]
[ info ] [ VIEW ] G:\php study\WWW\thinkphp\thinkphp\public/../application/admin\view\news\photos.html [ array (
) ]
[ info ] [ LOG ] INIT File
---------------------------------------------------------------
[ 2017-12-03T11:05:57+08:00 ] 0.0.0.0 127.0.0.1 GET /admin/news/photos
[ info ] 127.0.0.1:86/admin/news/photos [运行时间：0.028002s][吞吐率：35.71req/s] [内存消耗：1,552.41kb] [文件加载：52]
[ info ] [ LANG ] G:\php study\WWW\thinkphp\thinkphp\thinkphp\lang\zh-cn.php
[ info ] [ ROUTE ] array (
  'type' => 'module',
  'module' => 
  array (
    0 => 'admin',
    1 => 'news',
    2 => 'photos',
  ),
)
[ info ] [ HEADER ] array (
  'host' => '127.0.0.1:86',
  'connection' => 'keep-alive',
  'cache-control' => 'max-age=0',
  'user-agent' => 'Mozilla/5.0 (Windows NT 6.1; WOW64) AppleWebKit/537.36 (KHTML, like Gecko) Chrome/62.0.3202.9 Safari/537.36',
  'upgrade-insecure-requests' => '1',
  'accept' => 'text/html,application/xhtml+xml,application/xml;q=0.9,image/webp,image/apng,*/*;q=0.8',
  'referer' => 'http://127.0.0.1:86/admin/news/newstext',
  'accept-encoding' => 'gzip, deflate, br',
  'accept-language' => 'zh-CN,zh;q=0.8',
)
[ info ] [ PARAM ] array (
)
[ info ] [ RUN ] app\admin\controller\NewsController->photos[ G:\php study\WWW\thinkphp\thinkphp\application\admin\controller\NewsController.php ]
[ info ] [ VIEW ] G:\php study\WWW\thinkphp\thinkphp\public/../application/admin\view\news\photos.html [ array (
) ]
[ info ] [ LOG ] INIT File
---------------------------------------------------------------
[ 2017-12-03T11:07:41+08:00 ] 0.0.0.0 127.0.0.1 GET /admin/news/newstext
[ info ] 127.0.0.1:86/admin/news/newstext [运行时间：0.026001s][吞吐率：38.46req/s] [内存消耗：1,552.03kb] [文件加载：52]
[ info ] [ LANG ] G:\php study\WWW\thinkphp\thinkphp\thinkphp\lang\zh-cn.php
[ info ] [ ROUTE ] array (
  'type' => 'module',
  'module' => 
  array (
    0 => 'admin',
    1 => 'news',
    2 => 'newstext',
  ),
)
[ info ] [ HEADER ] array (
  'host' => '127.0.0.1:86',
  'connection' => 'keep-alive',
  'upgrade-insecure-requests' => '1',
  'user-agent' => 'Mozilla/5.0 (Windows NT 6.1; WOW64) AppleWebKit/537.36 (KHTML, like Gecko) Chrome/62.0.3202.9 Safari/537.36',
  'accept' => 'text/html,application/xhtml+xml,application/xml;q=0.9,image/webp,image/apng,*/*;q=0.8',
  'referer' => 'http://127.0.0.1:86/admin/news/photos',
  'accept-encoding' => 'gzip, deflate, br',
  'accept-language' => 'zh-CN,zh;q=0.8',
)
[ info ] [ PARAM ] array (
)
[ info ] [ RUN ] app\admin\controller\NewsController->newstext[ G:\php study\WWW\thinkphp\thinkphp\application\admin\controller\NewsController.php ]
[ info ] [ VIEW ] G:\php study\WWW\thinkphp\thinkphp\public/../application/admin\view\news\newstext.html [ array (
) ]
[ info ] [ LOG ] INIT File
---------------------------------------------------------------
[ 2017-12-03T11:07:43+08:00 ] 0.0.0.0 127.0.0.1 GET /admin/news/photos
[ info ] 127.0.0.1:86/admin/news/photos [运行时间：0.026002s][吞吐率：38.46req/s] [内存消耗：1,552.01kb] [文件加载：52]
[ info ] [ LANG ] G:\php study\WWW\thinkphp\thinkphp\thinkphp\lang\zh-cn.php
[ info ] [ ROUTE ] array (
  'type' => 'module',
  'module' => 
  array (
    0 => 'admin',
    1 => 'news',
    2 => 'photos',
  ),
)
[ info ] [ HEADER ] array (
  'host' => '127.0.0.1:86',
  'connection' => 'keep-alive',
  'upgrade-insecure-requests' => '1',
  'user-agent' => 'Mozilla/5.0 (Windows NT 6.1; WOW64) AppleWebKit/537.36 (KHTML, like Gecko) Chrome/62.0.3202.9 Safari/537.36',
  'accept' => 'text/html,application/xhtml+xml,application/xml;q=0.9,image/webp,image/apng,*/*;q=0.8',
  'referer' => 'http://127.0.0.1:86/admin/news/newstext',
  'accept-encoding' => 'gzip, deflate, br',
  'accept-language' => 'zh-CN,zh;q=0.8',
)
[ info ] [ PARAM ] array (
)
[ info ] [ RUN ] app\admin\controller\NewsController->photos[ G:\php study\WWW\thinkphp\thinkphp\application\admin\controller\NewsController.php ]
[ info ] [ VIEW ] G:\php study\WWW\thinkphp\thinkphp\public/../application/admin\view\news\photos.html [ array (
) ]
[ info ] [ LOG ] INIT File
---------------------------------------------------------------
[ 2017-12-03T11:07:49+08:00 ] 0.0.0.0 127.0.0.1 GET /admin/news/photos
[ info ] 127.0.0.1:86/admin/news/photos [运行时间：0.026002s][吞吐率：38.46req/s] [内存消耗：1,552.01kb] [文件加载：52]
[ info ] [ LANG ] G:\php study\WWW\thinkphp\thinkphp\thinkphp\lang\zh-cn.php
[ info ] [ ROUTE ] array (
  'type' => 'module',
  'module' => 
  array (
    0 => 'admin',
    1 => 'news',
    2 => 'photos',
  ),
)
[ info ] [ HEADER ] array (
  'host' => '127.0.0.1:86',
  'connection' => 'keep-alive',
  'upgrade-insecure-requests' => '1',
  'user-agent' => 'Mozilla/5.0 (Windows NT 6.1; WOW64) AppleWebKit/537.36 (KHTML, like Gecko) Chrome/62.0.3202.9 Safari/537.36',
  'accept' => 'text/html,application/xhtml+xml,application/xml;q=0.9,image/webp,image/apng,*/*;q=0.8',
  'referer' => 'http://127.0.0.1:86/admin/news/photos',
  'accept-encoding' => 'gzip, deflate, br',
  'accept-language' => 'zh-CN,zh;q=0.8',
)
[ info ] [ PARAM ] array (
)
[ info ] [ RUN ] app\admin\controller\NewsController->photos[ G:\php study\WWW\thinkphp\thinkphp\application\admin\controller\NewsController.php ]
[ info ] [ VIEW ] G:\php study\WWW\thinkphp\thinkphp\public/../application/admin\view\news\photos.html [ array (
) ]
[ info ] [ LOG ] INIT File
---------------------------------------------------------------
[ 2017-12-03T11:07:50+08:00 ] 0.0.0.0 127.0.0.1 GET /admin/news/photos
[ info ] 127.0.0.1:86/admin/news/photos [运行时间：0.028002s][吞吐率：35.71req/s] [内存消耗：1,552.01kb] [文件加载：52]
[ info ] [ LANG ] G:\php study\WWW\thinkphp\thinkphp\thinkphp\lang\zh-cn.php
[ info ] [ ROUTE ] array (
  'type' => 'module',
  'module' => 
  array (
    0 => 'admin',
    1 => 'news',
    2 => 'photos',
  ),
)
[ info ] [ HEADER ] array (
  'host' => '127.0.0.1:86',
  'connection' => 'keep-alive',
  'upgrade-insecure-requests' => '1',
  'user-agent' => 'Mozilla/5.0 (Windows NT 6.1; WOW64) AppleWebKit/537.36 (KHTML, like Gecko) Chrome/62.0.3202.9 Safari/537.36',
  'accept' => 'text/html,application/xhtml+xml,application/xml;q=0.9,image/webp,image/apng,*/*;q=0.8',
  'referer' => 'http://127.0.0.1:86/admin/news/photos',
  'accept-encoding' => 'gzip, deflate, br',
  'accept-language' => 'zh-CN,zh;q=0.8',
)
[ info ] [ PARAM ] array (
)
[ info ] [ RUN ] app\admin\controller\NewsController->photos[ G:\php study\WWW\thinkphp\thinkphp\application\admin\controller\NewsController.php ]
[ info ] [ VIEW ] G:\php study\WWW\thinkphp\thinkphp\public/../application/admin\view\news\photos.html [ array (
) ]
[ info ] [ LOG ] INIT File
---------------------------------------------------------------
[ 2017-12-03T11:07:50+08:00 ] 0.0.0.0 127.0.0.1 GET /admin/news/photos
[ info ] 127.0.0.1:86/admin/news/photos [运行时间：0.026002s][吞吐率：38.46req/s] [内存消耗：1,552.01kb] [文件加载：52]
[ info ] [ LANG ] G:\php study\WWW\thinkphp\thinkphp\thinkphp\lang\zh-cn.php
[ info ] [ ROUTE ] array (
  'type' => 'module',
  'module' => 
  array (
    0 => 'admin',
    1 => 'news',
    2 => 'photos',
  ),
)
[ info ] [ HEADER ] array (
  'host' => '127.0.0.1:86',
  'connection' => 'keep-alive',
  'upgrade-insecure-requests' => '1',
  'user-agent' => 'Mozilla/5.0 (Windows NT 6.1; WOW64) AppleWebKit/537.36 (KHTML, like Gecko) Chrome/62.0.3202.9 Safari/537.36',
  'accept' => 'text/html,application/xhtml+xml,application/xml;q=0.9,image/webp,image/apng,*/*;q=0.8',
  'referer' => 'http://127.0.0.1:86/admin/news/photos',
  'accept-encoding' => 'gzip, deflate, br',
  'accept-language' => 'zh-CN,zh;q=0.8',
)
[ info ] [ PARAM ] array (
)
[ info ] [ RUN ] app\admin\controller\NewsController->photos[ G:\php study\WWW\thinkphp\thinkphp\application\admin\controller\NewsController.php ]
[ info ] [ VIEW ] G:\php study\WWW\thinkphp\thinkphp\public/../application/admin\view\news\photos.html [ array (
) ]
[ info ] [ LOG ] INIT File
---------------------------------------------------------------
[ 2017-12-03T11:07:50+08:00 ] 0.0.0.0 127.0.0.1 GET /admin/news/photos
[ info ] 127.0.0.1:86/admin/news/photos [运行时间：0.023001s][吞吐率：43.48req/s] [内存消耗：1,552.01kb] [文件加载：52]
[ info ] [ LANG ] G:\php study\WWW\thinkphp\thinkphp\thinkphp\lang\zh-cn.php
[ info ] [ ROUTE ] array (
  'type' => 'module',
  'module' => 
  array (
    0 => 'admin',
    1 => 'news',
    2 => 'photos',
  ),
)
[ info ] [ HEADER ] array (
  'host' => '127.0.0.1:86',
  'connection' => 'keep-alive',
  'upgrade-insecure-requests' => '1',
  'user-agent' => 'Mozilla/5.0 (Windows NT 6.1; WOW64) AppleWebKit/537.36 (KHTML, like Gecko) Chrome/62.0.3202.9 Safari/537.36',
  'accept' => 'text/html,application/xhtml+xml,application/xml;q=0.9,image/webp,image/apng,*/*;q=0.8',
  'referer' => 'http://127.0.0.1:86/admin/news/photos',
  'accept-encoding' => 'gzip, deflate, br',
  'accept-language' => 'zh-CN,zh;q=0.8',
)
[ info ] [ PARAM ] array (
)
[ info ] [ RUN ] app\admin\controller\NewsController->photos[ G:\php study\WWW\thinkphp\thinkphp\application\admin\controller\NewsController.php ]
[ info ] [ VIEW ] G:\php study\WWW\thinkphp\thinkphp\public/../application/admin\view\news\photos.html [ array (
) ]
[ info ] [ LOG ] INIT File
---------------------------------------------------------------
[ 2017-12-03T11:07:50+08:00 ] 0.0.0.0 127.0.0.1 GET /admin/news/photos
[ info ] 127.0.0.1:86/admin/news/photos [运行时间：0.028001s][吞吐率：35.71req/s] [内存消耗：1,552.01kb] [文件加载：52]
[ info ] [ LANG ] G:\php study\WWW\thinkphp\thinkphp\thinkphp\lang\zh-cn.php
[ info ] [ ROUTE ] array (
  'type' => 'module',
  'module' => 
  array (
    0 => 'admin',
    1 => 'news',
    2 => 'photos',
  ),
)
[ info ] [ HEADER ] array (
  'host' => '127.0.0.1:86',
  'connection' => 'keep-alive',
  'upgrade-insecure-requests' => '1',
  'user-agent' => 'Mozilla/5.0 (Windows NT 6.1; WOW64) AppleWebKit/537.36 (KHTML, like Gecko) Chrome/62.0.3202.9 Safari/537.36',
  'accept' => 'text/html,application/xhtml+xml,application/xml;q=0.9,image/webp,image/apng,*/*;q=0.8',
  'referer' => 'http://127.0.0.1:86/admin/news/photos',
  'accept-encoding' => 'gzip, deflate, br',
  'accept-language' => 'zh-CN,zh;q=0.8',
)
[ info ] [ PARAM ] array (
)
[ info ] [ RUN ] app\admin\controller\NewsController->photos[ G:\php study\WWW\thinkphp\thinkphp\application\admin\controller\NewsController.php ]
[ info ] [ VIEW ] G:\php study\WWW\thinkphp\thinkphp\public/../application/admin\view\news\photos.html [ array (
) ]
[ info ] [ LOG ] INIT File
---------------------------------------------------------------
[ 2017-12-03T11:07:50+08:00 ] 0.0.0.0 127.0.0.1 GET /admin/news/photos
[ info ] 127.0.0.1:86/admin/news/photos [运行时间：0.023001s][吞吐率：43.48req/s] [内存消耗：1,552.01kb] [文件加载：52]
[ info ] [ LANG ] G:\php study\WWW\thinkphp\thinkphp\thinkphp\lang\zh-cn.php
[ info ] [ ROUTE ] array (
  'type' => 'module',
  'module' => 
  array (
    0 => 'admin',
    1 => 'news',
    2 => 'photos',
  ),
)
[ info ] [ HEADER ] array (
  'host' => '127.0.0.1:86',
  'connection' => 'keep-alive',
  'upgrade-insecure-requests' => '1',
  'user-agent' => 'Mozilla/5.0 (Windows NT 6.1; WOW64) AppleWebKit/537.36 (KHTML, like Gecko) Chrome/62.0.3202.9 Safari/537.36',
  'accept' => 'text/html,application/xhtml+xml,application/xml;q=0.9,image/webp,image/apng,*/*;q=0.8',
  'referer' => 'http://127.0.0.1:86/admin/news/photos',
  'accept-encoding' => 'gzip, deflate, br',
  'accept-language' => 'zh-CN,zh;q=0.8',
)
[ info ] [ PARAM ] array (
)
[ info ] [ RUN ] app\admin\controller\NewsController->photos[ G:\php study\WWW\thinkphp\thinkphp\application\admin\controller\NewsController.php ]
[ info ] [ VIEW ] G:\php study\WWW\thinkphp\thinkphp\public/../application/admin\view\news\photos.html [ array (
) ]
[ info ] [ LOG ] INIT File
---------------------------------------------------------------
[ 2017-12-03T11:07:50+08:00 ] 0.0.0.0 127.0.0.1 GET /admin/news/photos
[ info ] 127.0.0.1:86/admin/news/photos [运行时间：0.027002s][吞吐率：37.03req/s] [内存消耗：1,552.01kb] [文件加载：52]
[ info ] [ LANG ] G:\php study\WWW\thinkphp\thinkphp\thinkphp\lang\zh-cn.php
[ info ] [ ROUTE ] array (
  'type' => 'module',
  'module' => 
  array (
    0 => 'admin',
    1 => 'news',
    2 => 'photos',
  ),
)
[ info ] [ HEADER ] array (
  'host' => '127.0.0.1:86',
  'connection' => 'keep-alive',
  'upgrade-insecure-requests' => '1',
  'user-agent' => 'Mozilla/5.0 (Windows NT 6.1; WOW64) AppleWebKit/537.36 (KHTML, like Gecko) Chrome/62.0.3202.9 Safari/537.36',
  'accept' => 'text/html,application/xhtml+xml,application/xml;q=0.9,image/webp,image/apng,*/*;q=0.8',
  'referer' => 'http://127.0.0.1:86/admin/news/photos',
  'accept-encoding' => 'gzip, deflate, br',
  'accept-language' => 'zh-CN,zh;q=0.8',
)
[ info ] [ PARAM ] array (
)
[ info ] [ RUN ] app\admin\controller\NewsController->photos[ G:\php study\WWW\thinkphp\thinkphp\application\admin\controller\NewsController.php ]
[ info ] [ VIEW ] G:\php study\WWW\thinkphp\thinkphp\public/../application/admin\view\news\photos.html [ array (
) ]
[ info ] [ LOG ] INIT File
---------------------------------------------------------------
[ 2017-12-03T11:07:51+08:00 ] 0.0.0.0 127.0.0.1 GET /admin/news/photos
[ info ] 127.0.0.1:86/admin/news/photos [运行时间：0.024002s][吞吐率：41.66req/s] [内存消耗：1,552.01kb] [文件加载：52]
[ info ] [ LANG ] G:\php study\WWW\thinkphp\thinkphp\thinkphp\lang\zh-cn.php
[ info ] [ ROUTE ] array (
  'type' => 'module',
  'module' => 
  array (
    0 => 'admin',
    1 => 'news',
    2 => 'photos',
  ),
)
[ info ] [ HEADER ] array (
  'host' => '127.0.0.1:86',
  'connection' => 'keep-alive',
  'upgrade-insecure-requests' => '1',
  'user-agent' => 'Mozilla/5.0 (Windows NT 6.1; WOW64) AppleWebKit/537.36 (KHTML, like Gecko) Chrome/62.0.3202.9 Safari/537.36',
  'accept' => 'text/html,application/xhtml+xml,application/xml;q=0.9,image/webp,image/apng,*/*;q=0.8',
  'referer' => 'http://127.0.0.1:86/admin/news/photos',
  'accept-encoding' => 'gzip, deflate, br',
  'accept-language' => 'zh-CN,zh;q=0.8',
)
[ info ] [ PARAM ] array (
)
[ info ] [ RUN ] app\admin\controller\NewsController->photos[ G:\php study\WWW\thinkphp\thinkphp\application\admin\controller\NewsController.php ]
[ info ] [ VIEW ] G:\php study\WWW\thinkphp\thinkphp\public/../application/admin\view\news\photos.html [ array (
) ]
[ info ] [ LOG ] INIT File
---------------------------------------------------------------
[ 2017-12-03T11:07:52+08:00 ] 0.0.0.0 127.0.0.1 GET /admin/news/photos
[ info ] 127.0.0.1:86/admin/news/photos [运行时间：0.026002s][吞吐率：38.46req/s] [内存消耗：1,552.01kb] [文件加载：52]
[ info ] [ LANG ] G:\php study\WWW\thinkphp\thinkphp\thinkphp\lang\zh-cn.php
[ info ] [ ROUTE ] array (
  'type' => 'module',
  'module' => 
  array (
    0 => 'admin',
    1 => 'news',
    2 => 'photos',
  ),
)
[ info ] [ HEADER ] array (
  'host' => '127.0.0.1:86',
  'connection' => 'keep-alive',
  'upgrade-insecure-requests' => '1',
  'user-agent' => 'Mozilla/5.0 (Windows NT 6.1; WOW64) AppleWebKit/537.36 (KHTML, like Gecko) Chrome/62.0.3202.9 Safari/537.36',
  'accept' => 'text/html,application/xhtml+xml,application/xml;q=0.9,image/webp,image/apng,*/*;q=0.8',
  'referer' => 'http://127.0.0.1:86/admin/news/photos',
  'accept-encoding' => 'gzip, deflate, br',
  'accept-language' => 'zh-CN,zh;q=0.8',
)
[ info ] [ PARAM ] array (
)
[ info ] [ RUN ] app\admin\controller\NewsController->photos[ G:\php study\WWW\thinkphp\thinkphp\application\admin\controller\NewsController.php ]
[ info ] [ VIEW ] G:\php study\WWW\thinkphp\thinkphp\public/../application/admin\view\news\photos.html [ array (
) ]
[ info ] [ LOG ] INIT File
---------------------------------------------------------------
[ 2017-12-03T11:07:52+08:00 ] 0.0.0.0 127.0.0.1 GET /admin/news/photos
[ info ] 127.0.0.1:86/admin/news/photos [运行时间：0.026002s][吞吐率：38.46req/s] [内存消耗：1,552.01kb] [文件加载：52]
[ info ] [ LANG ] G:\php study\WWW\thinkphp\thinkphp\thinkphp\lang\zh-cn.php
[ info ] [ ROUTE ] array (
  'type' => 'module',
  'module' => 
  array (
    0 => 'admin',
    1 => 'news',
    2 => 'photos',
  ),
)
[ info ] [ HEADER ] array (
  'host' => '127.0.0.1:86',
  'connection' => 'keep-alive',
  'upgrade-insecure-requests' => '1',
  'user-agent' => 'Mozilla/5.0 (Windows NT 6.1; WOW64) AppleWebKit/537.36 (KHTML, like Gecko) Chrome/62.0.3202.9 Safari/537.36',
  'accept' => 'text/html,application/xhtml+xml,application/xml;q=0.9,image/webp,image/apng,*/*;q=0.8',
  'referer' => 'http://127.0.0.1:86/admin/news/photos',
  'accept-encoding' => 'gzip, deflate, br',
  'accept-language' => 'zh-CN,zh;q=0.8',
)
[ info ] [ PARAM ] array (
)
[ info ] [ RUN ] app\admin\controller\NewsController->photos[ G:\php study\WWW\thinkphp\thinkphp\application\admin\controller\NewsController.php ]
[ info ] [ VIEW ] G:\php study\WWW\thinkphp\thinkphp\public/../application/admin\view\news\photos.html [ array (
) ]
[ info ] [ LOG ] INIT File
---------------------------------------------------------------
[ 2017-12-03T11:07:52+08:00 ] 0.0.0.0 127.0.0.1 GET /admin/news/photos
[ info ] 127.0.0.1:86/admin/news/photos [运行时间：0.027002s][吞吐率：37.03req/s] [内存消耗：1,552.01kb] [文件加载：52]
[ info ] [ LANG ] G:\php study\WWW\thinkphp\thinkphp\thinkphp\lang\zh-cn.php
[ info ] [ ROUTE ] array (
  'type' => 'module',
  'module' => 
  array (
    0 => 'admin',
    1 => 'news',
    2 => 'photos',
  ),
)
[ info ] [ HEADER ] array (
  'host' => '127.0.0.1:86',
  'connection' => 'keep-alive',
  'upgrade-insecure-requests' => '1',
  'user-agent' => 'Mozilla/5.0 (Windows NT 6.1; WOW64) AppleWebKit/537.36 (KHTML, like Gecko) Chrome/62.0.3202.9 Safari/537.36',
  'accept' => 'text/html,application/xhtml+xml,application/xml;q=0.9,image/webp,image/apng,*/*;q=0.8',
  'referer' => 'http://127.0.0.1:86/admin/news/photos',
  'accept-encoding' => 'gzip, deflate, br',
  'accept-language' => 'zh-CN,zh;q=0.8',
)
[ info ] [ PARAM ] array (
)
[ info ] [ RUN ] app\admin\controller\NewsController->photos[ G:\php study\WWW\thinkphp\thinkphp\application\admin\controller\NewsController.php ]
[ info ] [ VIEW ] G:\php study\WWW\thinkphp\thinkphp\public/../application/admin\view\news\photos.html [ array (
) ]
[ info ] [ LOG ] INIT File
---------------------------------------------------------------
[ 2017-12-03T11:07:52+08:00 ] 0.0.0.0 127.0.0.1 GET /admin/news/photos
[ info ] 127.0.0.1:86/admin/news/photos [运行时间：0.027001s][吞吐率：37.04req/s] [内存消耗：1,552.01kb] [文件加载：52]
[ info ] [ LANG ] G:\php study\WWW\thinkphp\thinkphp\thinkphp\lang\zh-cn.php
[ info ] [ ROUTE ] array (
  'type' => 'module',
  'module' => 
  array (
    0 => 'admin',
    1 => 'news',
    2 => 'photos',
  ),
)
[ info ] [ HEADER ] array (
  'host' => '127.0.0.1:86',
  'connection' => 'keep-alive',
  'upgrade-insecure-requests' => '1',
  'user-agent' => 'Mozilla/5.0 (Windows NT 6.1; WOW64) AppleWebKit/537.36 (KHTML, like Gecko) Chrome/62.0.3202.9 Safari/537.36',
  'accept' => 'text/html,application/xhtml+xml,application/xml;q=0.9,image/webp,image/apng,*/*;q=0.8',
  'referer' => 'http://127.0.0.1:86/admin/news/photos',
  'accept-encoding' => 'gzip, deflate, br',
  'accept-language' => 'zh-CN,zh;q=0.8',
)
[ info ] [ PARAM ] array (
)
[ info ] [ RUN ] app\admin\controller\NewsController->photos[ G:\php study\WWW\thinkphp\thinkphp\application\admin\controller\NewsController.php ]
[ info ] [ VIEW ] G:\php study\WWW\thinkphp\thinkphp\public/../application/admin\view\news\photos.html [ array (
) ]
[ info ] [ LOG ] INIT File
