---------------------------------------------------------------
[ 2017-12-08T12:08:26+08:00 ] 0.0.0.0 127.0.0.1 GET /admin/index/index
[ info ] 127.0.0.1:86/admin/index/index [运行时间：2.775158s][吞吐率：0.36req/s] [内存消耗：2,632.55kb] [文件加载：131]
[ info ] [ LANG ] G:\php study\WWW\thinkphp\thinkphp\thinkphp\lang\zh-cn.php
[ info ] [ ROUTE ] array (
  'type' => 'module',
  'module' => 
  array (
    0 => 'admin',
    1 => 'index',
    2 => 'index',
  ),
)
[ info ] [ HEADER ] array (
  'host' => '127.0.0.1:86',
  'connection' => 'keep-alive',
  'user-agent' => 'Mozilla/5.0 (Windows NT 6.1; WOW64) AppleWebKit/537.36 (KHTML, like Gecko) Chrome/62.0.3202.9 Safari/537.36',
  'upgrade-insecure-requests' => '1',
  'accept' => 'text/html,application/xhtml+xml,application/xml;q=0.9,image/webp,image/apng,*/*;q=0.8',
  'accept-encoding' => 'gzip, deflate, br',
  'accept-language' => 'zh-CN,zh;q=0.8',
)
[ info ] [ PARAM ] array (
)
[ info ] [ RUN ] app\admin\controller\IndexController->index[ G:\php study\WWW\thinkphp\thinkphp\application\admin\controller\IndexController.php ]
[ info ] [ VIEW ] G:\php study\WWW\thinkphp\thinkphp\public/../application/admin\view\index\index.html [ array (
) ]
[ info ] [ LOG ] INIT File
---------------------------------------------------------------
[ 2017-12-08T12:08:32+08:00 ] 0.0.0.0 127.0.0.1 GET /admin/news/newstext
[ info ] 127.0.0.1:86/admin/news/newstext [运行时间：3.133179s][吞吐率：0.32req/s] [内存消耗：2,421.89kb] [文件加载：62]
[ info ] [ LANG ] G:\php study\WWW\thinkphp\thinkphp\thinkphp\lang\zh-cn.php
[ info ] [ ROUTE ] array (
  'type' => 'module',
  'module' => 
  array (
    0 => 'admin',
    1 => 'news',
    2 => 'newstext',
  ),
)
[ info ] [ HEADER ] array (
  'host' => '127.0.0.1:86',
  'connection' => 'keep-alive',
  'upgrade-insecure-requests' => '1',
  'user-agent' => 'Mozilla/5.0 (Windows NT 6.1; WOW64) AppleWebKit/537.36 (KHTML, like Gecko) Chrome/62.0.3202.9 Safari/537.36',
  'accept' => 'text/html,application/xhtml+xml,application/xml;q=0.9,image/webp,image/apng,*/*;q=0.8',
  'referer' => 'http://127.0.0.1:86/admin/index/index',
  'accept-encoding' => 'gzip, deflate, br',
  'accept-language' => 'zh-CN,zh;q=0.8',
)
[ info ] [ PARAM ] array (
)
[ info ] [ RUN ] app\admin\controller\NewsController->newstext[ G:\php study\WWW\thinkphp\thinkphp\application\admin\controller\NewsController.php ]
[ info ] [ DB ] INIT mysql
[ info ] [ VIEW ] G:\php study\WWW\thinkphp\thinkphp\public/../application/admin\view\news\newstext.html [ array (
  0 => 'image',
) ]
[ info ] [ LOG ] INIT File
[ sql ] [ DB ] CONNECT:[ UseTime:2.666153s ] mysql:host=103.59.147.236;dbname=qgwrustt_dzhao;charset=utf8
[ sql ] [ SQL ] SHOW COLUMNS FROM `image` [ RunTime:0.155008s ]
[ sql ] [ SQL ] SELECT * FROM `image` WHERE `image`.`delete_time` IS NULL [ RunTime:0.114007s ]
---------------------------------------------------------------
[ 2017-12-08T16:49:22+08:00 ] 0.0.0.0 127.0.0.1 GET /admin/news/newstext
[ info ] 127.0.0.1:86/admin/news/newstext [运行时间：2.916167s][吞吐率：0.34req/s] [内存消耗：2,559.46kb] [文件加载：64]
[ info ] [ LANG ] G:\php study\WWW\thinkphp\thinkphp\thinkphp\lang\zh-cn.php
[ info ] [ ROUTE ] array (
  'type' => 'module',
  'module' => 
  array (
    0 => 'admin',
    1 => 'news',
    2 => 'newstext',
  ),
)
[ info ] [ HEADER ] array (
  'host' => '127.0.0.1:86',
  'connection' => 'keep-alive',
  'cache-control' => 'max-age=0',
  'user-agent' => 'Mozilla/5.0 (Windows NT 6.1; WOW64) AppleWebKit/537.36 (KHTML, like Gecko) Chrome/62.0.3202.9 Safari/537.36',
  'upgrade-insecure-requests' => '1',
  'accept' => 'text/html,application/xhtml+xml,application/xml;q=0.9,image/webp,image/apng,*/*;q=0.8',
  'referer' => 'http://127.0.0.1:86/admin/index/index',
  'accept-encoding' => 'gzip, deflate, br',
  'accept-language' => 'zh-CN,zh;q=0.8',
)
[ info ] [ PARAM ] array (
)
[ info ] [ RUN ] app\admin\controller\NewsController->newstext[ G:\php study\WWW\thinkphp\thinkphp\application\admin\controller\NewsController.php ]
[ info ] [ DB ] INIT mysql
[ info ] [ VIEW ] G:\php study\WWW\thinkphp\thinkphp\public/../application/admin\view\news\newstext.html [ array (
  0 => 'image',
) ]
[ info ] [ LOG ] INIT File
[ sql ] [ DB ] CONNECT:[ UseTime:2.078119s ] mysql:host=103.59.147.236;dbname=qgwrustt_dzhao;charset=utf8
[ sql ] [ SQL ] SHOW COLUMNS FROM `image` [ RunTime:0.503029s ]
[ sql ] [ SQL ] SELECT * FROM `image` WHERE `image`.`delete_time` IS NULL [ RunTime:0.229013s ]
---------------------------------------------------------------
[ 2017-12-08T17:06:02+08:00 ] 0.0.0.0 127.0.0.1 GET /admin/index/index
[ info ] 127.0.0.1:86/admin/index/index [运行时间：0.864049s][吞吐率：1.16req/s] [内存消耗：2,633.13kb] [文件加载：131]
[ info ] [ LANG ] G:\php study\WWW\thinkphp\thinkphp\thinkphp\lang\zh-cn.php
[ info ] [ ROUTE ] array (
  'type' => 'module',
  'module' => 
  array (
    0 => 'admin',
    1 => 'index',
    2 => 'index',
  ),
)
[ info ] [ HEADER ] array (
  'host' => '127.0.0.1:86',
  'connection' => 'keep-alive',
  'cache-control' => 'max-age=0',
  'user-agent' => 'Mozilla/5.0 (Windows NT 6.1; WOW64) AppleWebKit/537.36 (KHTML, like Gecko) Chrome/62.0.3202.9 Safari/537.36',
  'upgrade-insecure-requests' => '1',
  'accept' => 'text/html,application/xhtml+xml,application/xml;q=0.9,image/webp,image/apng,*/*;q=0.8',
  'accept-encoding' => 'gzip, deflate, br',
  'accept-language' => 'zh-CN,zh;q=0.8',
)
[ info ] [ PARAM ] array (
)
[ info ] [ RUN ] app\admin\controller\IndexController->index[ G:\php study\WWW\thinkphp\thinkphp\application\admin\controller\IndexController.php ]
[ info ] [ VIEW ] G:\php study\WWW\thinkphp\thinkphp\public/../application/admin\view\index\index.html [ array (
) ]
[ info ] [ LOG ] INIT File
---------------------------------------------------------------
[ 2017-12-08T17:06:29+08:00 ] 0.0.0.0 127.0.0.1 GET /admin/news/newstext
[ info ] 127.0.0.1:86/admin/news/newstext [运行时间：16.670954s][吞吐率：0.06req/s] [内存消耗：2,559.05kb] [文件加载：64]
[ info ] [ LANG ] G:\php study\WWW\thinkphp\thinkphp\thinkphp\lang\zh-cn.php
[ info ] [ ROUTE ] array (
  'type' => 'module',
  'module' => 
  array (
    0 => 'admin',
    1 => 'news',
    2 => 'newstext',
  ),
)
[ info ] [ HEADER ] array (
  'host' => '127.0.0.1:86',
  'connection' => 'keep-alive',
  'upgrade-insecure-requests' => '1',
  'user-agent' => 'Mozilla/5.0 (Windows NT 6.1; WOW64) AppleWebKit/537.36 (KHTML, like Gecko) Chrome/62.0.3202.9 Safari/537.36',
  'accept' => 'text/html,application/xhtml+xml,application/xml;q=0.9,image/webp,image/apng,*/*;q=0.8',
  'referer' => 'http://127.0.0.1:86/admin/index/index',
  'accept-encoding' => 'gzip, deflate, br',
  'accept-language' => 'zh-CN,zh;q=0.8',
)
[ info ] [ PARAM ] array (
)
[ info ] [ RUN ] app\admin\controller\NewsController->newstext[ G:\php study\WWW\thinkphp\thinkphp\application\admin\controller\NewsController.php ]
[ info ] [ DB ] INIT mysql
[ info ] [ VIEW ] G:\php study\WWW\thinkphp\thinkphp\public/../application/admin\view\news\newstext.html [ array (
  0 => 'image',
) ]
[ info ] [ LOG ] INIT File
[ sql ] [ DB ] CONNECT:[ UseTime:4.872279s ] mysql:host=103.59.147.236;dbname=qgwrustt_dzhao;charset=utf8
[ sql ] [ SQL ] SHOW COLUMNS FROM `image` [ RunTime:11.406652s ]
[ sql ] [ SQL ] SELECT * FROM `image` WHERE `image`.`delete_time` IS NULL [ RunTime:0.348020s ]
---------------------------------------------------------------
[ 2017-12-08T17:30:33+08:00 ] 0.0.0.0 127.0.0.1 GET /admin/user/changepswd
[ info ] 127.0.0.1:86/admin/user/changepswd [运行时间：0.180010s][吞吐率：5.56req/s] [内存消耗：1,572.17kb] [文件加载：54]
[ info ] [ LANG ] G:\php study\WWW\thinkphp\thinkphp\thinkphp\lang\zh-cn.php
[ info ] [ ROUTE ] array (
  'type' => 'module',
  'module' => 
  array (
    0 => 'admin',
    1 => 'user',
    2 => 'changepswd',
  ),
)
[ info ] [ HEADER ] array (
  'host' => '127.0.0.1:86',
  'connection' => 'keep-alive',
  'upgrade-insecure-requests' => '1',
  'user-agent' => 'Mozilla/5.0 (Windows NT 6.1; WOW64) AppleWebKit/537.36 (KHTML, like Gecko) Chrome/62.0.3202.9 Safari/537.36',
  'accept' => 'text/html,application/xhtml+xml,application/xml;q=0.9,image/webp,image/apng,*/*;q=0.8',
  'referer' => 'http://127.0.0.1:86/admin/news/newstext',
  'accept-encoding' => 'gzip, deflate, br',
  'accept-language' => 'zh-CN,zh;q=0.8',
)
[ info ] [ PARAM ] array (
)
[ info ] [ LOG ] INIT File
---------------------------------------------------------------
[ 2017-12-08T17:33:58+08:00 ] 0.0.0.0 127.0.0.1 GET /admin/news/newstext
[ info ] 127.0.0.1:86/admin/news/newstext [运行时间：8.275473s][吞吐率：0.12req/s] [内存消耗：2,422.30kb] [文件加载：62]
[ info ] [ LANG ] G:\php study\WWW\thinkphp\thinkphp\thinkphp\lang\zh-cn.php
[ info ] [ ROUTE ] array (
  'type' => 'module',
  'module' => 
  array (
    0 => 'admin',
    1 => 'news',
    2 => 'newstext',
  ),
)
[ info ] [ HEADER ] array (
  'host' => '127.0.0.1:86',
  'connection' => 'keep-alive',
  'cache-control' => 'max-age=0',
  'user-agent' => 'Mozilla/5.0 (Windows NT 6.1; WOW64) AppleWebKit/537.36 (KHTML, like Gecko) Chrome/62.0.3202.9 Safari/537.36',
  'upgrade-insecure-requests' => '1',
  'accept' => 'text/html,application/xhtml+xml,application/xml;q=0.9,image/webp,image/apng,*/*;q=0.8',
  'referer' => 'http://127.0.0.1:86/admin/index/index',
  'accept-encoding' => 'gzip, deflate, br',
  'accept-language' => 'zh-CN,zh;q=0.8',
)
[ info ] [ PARAM ] array (
)
[ info ] [ RUN ] app\admin\controller\NewsController->newstext[ G:\php study\WWW\thinkphp\thinkphp\application\admin\controller\NewsController.php ]
[ info ] [ DB ] INIT mysql
[ info ] [ VIEW ] G:\php study\WWW\thinkphp\thinkphp\public/../application/admin\view\news\newstext.html [ array (
  0 => 'image',
) ]
[ info ] [ LOG ] INIT File
[ sql ] [ DB ] CONNECT:[ UseTime:5.799332s ] mysql:host=103.59.147.236;dbname=qgwrustt_dzhao;charset=utf8
[ sql ] [ SQL ] SHOW COLUMNS FROM `image` [ RunTime:1.973113s ]
[ sql ] [ SQL ] SELECT * FROM `image` WHERE `image`.`delete_time` IS NULL [ RunTime:0.463026s ]
---------------------------------------------------------------
[ 2017-12-08T18:35:29+08:00 ] 0.0.0.0 127.0.0.1 GET /admin/news/newstext
[ info ] 127.0.0.1:86/admin/news/newstext [运行时间：5.542317s][吞吐率：0.18req/s] [内存消耗：2,422.30kb] [文件加载：62]
[ info ] [ LANG ] G:\php study\WWW\thinkphp\thinkphp\thinkphp\lang\zh-cn.php
[ info ] [ ROUTE ] array (
  'type' => 'module',
  'module' => 
  array (
    0 => 'admin',
    1 => 'news',
    2 => 'newstext',
  ),
)
[ info ] [ HEADER ] array (
  'host' => '127.0.0.1:86',
  'connection' => 'keep-alive',
  'cache-control' => 'max-age=0',
  'user-agent' => 'Mozilla/5.0 (Windows NT 6.1; WOW64) AppleWebKit/537.36 (KHTML, like Gecko) Chrome/62.0.3202.9 Safari/537.36',
  'upgrade-insecure-requests' => '1',
  'accept' => 'text/html,application/xhtml+xml,application/xml;q=0.9,image/webp,image/apng,*/*;q=0.8',
  'referer' => 'http://127.0.0.1:86/admin/index/index',
  'accept-encoding' => 'gzip, deflate, br',
  'accept-language' => 'zh-CN,zh;q=0.8',
)
[ info ] [ PARAM ] array (
)
[ info ] [ RUN ] app\admin\controller\NewsController->newstext[ G:\php study\WWW\thinkphp\thinkphp\application\admin\controller\NewsController.php ]
[ info ] [ DB ] INIT mysql
[ info ] [ VIEW ] G:\php study\WWW\thinkphp\thinkphp\public/../application/admin\view\news\newstext.html [ array (
  0 => 'image',
) ]
[ info ] [ LOG ] INIT File
[ sql ] [ DB ] CONNECT:[ UseTime:1.583090s ] mysql:host=103.59.147.236;dbname=qgwrustt_dzhao;charset=utf8
[ sql ] [ SQL ] SHOW COLUMNS FROM `image` [ RunTime:0.169009s ]
[ sql ] [ SQL ] SELECT * FROM `image` WHERE `image`.`delete_time` IS NULL [ RunTime:3.750215s ]
---------------------------------------------------------------
[ 2017-12-08T18:36:05+08:00 ] 0.0.0.0 127.0.0.1 GET /admin/news/newstext
[ info ] 127.0.0.1:86/admin/news/newstext [运行时间：3.257187s][吞吐率：0.31req/s] [内存消耗：2,422.30kb] [文件加载：62]
[ info ] [ LANG ] G:\php study\WWW\thinkphp\thinkphp\thinkphp\lang\zh-cn.php
[ info ] [ ROUTE ] array (
  'type' => 'module',
  'module' => 
  array (
    0 => 'admin',
    1 => 'news',
    2 => 'newstext',
  ),
)
[ info ] [ HEADER ] array (
  'host' => '127.0.0.1:86',
  'connection' => 'keep-alive',
  'cache-control' => 'max-age=0',
  'user-agent' => 'Mozilla/5.0 (Windows NT 6.1; WOW64) AppleWebKit/537.36 (KHTML, like Gecko) Chrome/62.0.3202.9 Safari/537.36',
  'upgrade-insecure-requests' => '1',
  'accept' => 'text/html,application/xhtml+xml,application/xml;q=0.9,image/webp,image/apng,*/*;q=0.8',
  'referer' => 'http://127.0.0.1:86/admin/index/index',
  'accept-encoding' => 'gzip, deflate, br',
  'accept-language' => 'zh-CN,zh;q=0.8',
)
[ info ] [ PARAM ] array (
)
[ info ] [ RUN ] app\admin\controller\NewsController->newstext[ G:\php study\WWW\thinkphp\thinkphp\application\admin\controller\NewsController.php ]
[ info ] [ DB ] INIT mysql
[ info ] [ VIEW ] G:\php study\WWW\thinkphp\thinkphp\public/../application/admin\view\news\newstext.html [ array (
  0 => 'image',
) ]
[ info ] [ LOG ] INIT File
[ sql ] [ DB ] CONNECT:[ UseTime:2.096120s ] mysql:host=103.59.147.236;dbname=qgwrustt_dzhao;charset=utf8
[ sql ] [ SQL ] SHOW COLUMNS FROM `image` [ RunTime:0.976056s ]
[ sql ] [ SQL ] SELECT * FROM `image` WHERE `image`.`delete_time` IS NULL [ RunTime:0.151009s ]
