---------------------------------------------------------------
[ 2017-12-10T14:47:09+08:00 ] 0.0.0.0 127.0.0.1 GET /admin/index/index
[ info ] 127.0.0.1:86/admin/index/index [运行时间：4.043231s][吞吐率：0.25req/s] [内存消耗：2,632.55kb] [文件加载：131]
[ info ] [ LANG ] G:\php study\WWW\thinkphp\thinkphp\thinkphp\lang\zh-cn.php
[ info ] [ ROUTE ] array (
  'type' => 'module',
  'module' => 
  array (
    0 => 'admin',
    1 => 'index',
    2 => 'index',
  ),
)
[ info ] [ HEADER ] array (
  'host' => '127.0.0.1:86',
  'connection' => 'keep-alive',
  'user-agent' => 'Mozilla/5.0 (Windows NT 6.1; WOW64) AppleWebKit/537.36 (KHTML, like Gecko) Chrome/62.0.3202.9 Safari/537.36',
  'upgrade-insecure-requests' => '1',
  'accept' => 'text/html,application/xhtml+xml,application/xml;q=0.9,image/webp,image/apng,*/*;q=0.8',
  'accept-encoding' => 'gzip, deflate, br',
  'accept-language' => 'zh-CN,zh;q=0.8',
)
[ info ] [ PARAM ] array (
)
[ info ] [ RUN ] app\admin\controller\IndexController->index[ G:\php study\WWW\thinkphp\thinkphp\application\admin\controller\IndexController.php ]
[ info ] [ VIEW ] G:\php study\WWW\thinkphp\thinkphp\public/../application/admin\view\index\index.html [ array (
) ]
[ info ] [ LOG ] INIT File
---------------------------------------------------------------
[ 2017-12-10T14:47:37+08:00 ] 0.0.0.0 127.0.0.1 GET /admin/user/userlist
[ info ] 127.0.0.1:86/admin/user/userlist [运行时间：4.570261s][吞吐率：0.22req/s] [内存消耗：3,502.08kb] [文件加载：142]
[ info ] [ LANG ] G:\php study\WWW\thinkphp\thinkphp\thinkphp\lang\zh-cn.php
[ info ] [ ROUTE ] array (
  'type' => 'module',
  'module' => 
  array (
    0 => 'admin',
    1 => 'user',
    2 => 'userlist',
  ),
)
[ info ] [ HEADER ] array (
  'host' => '127.0.0.1:86',
  'connection' => 'keep-alive',
  'upgrade-insecure-requests' => '1',
  'user-agent' => 'Mozilla/5.0 (Windows NT 6.1; WOW64) AppleWebKit/537.36 (KHTML, like Gecko) Chrome/62.0.3202.9 Safari/537.36',
  'accept' => 'text/html,application/xhtml+xml,application/xml;q=0.9,image/webp,image/apng,*/*;q=0.8',
  'referer' => 'http://127.0.0.1:86/admin/index/index',
  'accept-encoding' => 'gzip, deflate, br',
  'accept-language' => 'zh-CN,zh;q=0.8',
)
[ info ] [ PARAM ] array (
)
[ info ] [ RUN ] app\admin\controller\UserController->userlist[ G:\php study\WWW\thinkphp\thinkphp\application\admin\controller\UserController.php ]
[ info ] [ DB ] INIT mysql
[ info ] [ LOG ] INIT File
[ sql ] [ DB ] CONNECT:[ UseTime:1.639094s ] mysql:host=103.59.147.236;dbname=qgwrustt_dzhao;charset=utf8
[ sql ] [ SQL ] SHOW COLUMNS FROM `userlist` [ RunTime:0.224012s ]
[ sql ] [ SQL ] SELECT * FROM `userlist` WHERE (  `openid` = 'oBn-tw7QR4Ps3DaObmtU69XSxpno' ) AND `userlist`.`delete_time` IS NULL LIMIT 1 [ RunTime:0.193012s ]
[ sql ] [ SQL ] SELECT * FROM `userlist` WHERE (  `openid` = 'oBn-tw2y5KnCjzAa7RBTzGkZi_O0' ) AND `userlist`.`delete_time` IS NULL LIMIT 1 [ RunTime:0.189010s ]
[ sql ] [ SQL ] SELECT * FROM `userlist` WHERE (  `openid` = 'oBn-tw4I8G1yjNErx-28J0z_DYBo' ) AND `userlist`.`delete_time` IS NULL LIMIT 1 [ RunTime:0.207012s ]
---------------------------------------------------------------
[ 2017-12-10T14:50:00+08:00 ] 0.0.0.0 127.0.0.1 GET /admin/user/userlist
[ info ] 127.0.0.1:86/admin/user/userlist [运行时间：3.023173s][吞吐率：0.33req/s] [内存消耗：3,502.08kb] [文件加载：142]
[ info ] [ LANG ] G:\php study\WWW\thinkphp\thinkphp\thinkphp\lang\zh-cn.php
[ info ] [ ROUTE ] array (
  'type' => 'module',
  'module' => 
  array (
    0 => 'admin',
    1 => 'user',
    2 => 'userlist',
  ),
)
[ info ] [ HEADER ] array (
  'host' => '127.0.0.1:86',
  'connection' => 'keep-alive',
  'upgrade-insecure-requests' => '1',
  'user-agent' => 'Mozilla/5.0 (Windows NT 6.1; WOW64) AppleWebKit/537.36 (KHTML, like Gecko) Chrome/62.0.3202.9 Safari/537.36',
  'accept' => 'text/html,application/xhtml+xml,application/xml;q=0.9,image/webp,image/apng,*/*;q=0.8',
  'referer' => 'http://127.0.0.1:86/admin/index/index',
  'accept-encoding' => 'gzip, deflate, br',
  'accept-language' => 'zh-CN,zh;q=0.8',
)
[ info ] [ PARAM ] array (
)
[ info ] [ RUN ] app\admin\controller\UserController->userlist[ G:\php study\WWW\thinkphp\thinkphp\application\admin\controller\UserController.php ]
[ info ] [ DB ] INIT mysql
[ info ] [ LOG ] INIT File
[ sql ] [ DB ] CONNECT:[ UseTime:1.328076s ] mysql:host=103.59.147.236;dbname=qgwrustt_dzhao;charset=utf8
[ sql ] [ SQL ] SHOW COLUMNS FROM `userlist` [ RunTime:0.156009s ]
[ sql ] [ SQL ] SELECT * FROM `userlist` WHERE (  `openid` = 'oBn-tw7QR4Ps3DaObmtU69XSxpno' ) AND `userlist`.`delete_time` IS NULL LIMIT 1 [ RunTime:0.137008s ]
[ sql ] [ SQL ] SELECT * FROM `userlist` WHERE (  `openid` = 'oBn-tw2y5KnCjzAa7RBTzGkZi_O0' ) AND `userlist`.`delete_time` IS NULL LIMIT 1 [ RunTime:0.157008s ]
[ sql ] [ SQL ] SELECT * FROM `userlist` WHERE (  `openid` = 'oBn-tw4I8G1yjNErx-28J0z_DYBo' ) AND `userlist`.`delete_time` IS NULL LIMIT 1 [ RunTime:0.141008s ]
---------------------------------------------------------------
[ 2017-12-10T14:51:27+08:00 ] 0.0.0.0 127.0.0.1 GET /admin/user/userlist
[ info ] 127.0.0.1:86/admin/user/userlist [运行时间：4.161238s][吞吐率：0.24req/s] [内存消耗：3,502.48kb] [文件加载：142]
[ info ] [ LANG ] G:\php study\WWW\thinkphp\thinkphp\thinkphp\lang\zh-cn.php
[ info ] [ ROUTE ] array (
  'type' => 'module',
  'module' => 
  array (
    0 => 'admin',
    1 => 'user',
    2 => 'userlist',
  ),
)
[ info ] [ HEADER ] array (
  'host' => '127.0.0.1:86',
  'connection' => 'keep-alive',
  'cache-control' => 'max-age=0',
  'user-agent' => 'Mozilla/5.0 (Windows NT 6.1; WOW64) AppleWebKit/537.36 (KHTML, like Gecko) Chrome/62.0.3202.9 Safari/537.36',
  'upgrade-insecure-requests' => '1',
  'accept' => 'text/html,application/xhtml+xml,application/xml;q=0.9,image/webp,image/apng,*/*;q=0.8',
  'referer' => 'http://127.0.0.1:86/admin/index/index',
  'accept-encoding' => 'gzip, deflate, br',
  'accept-language' => 'zh-CN,zh;q=0.8',
)
[ info ] [ PARAM ] array (
)
[ info ] [ RUN ] app\admin\controller\UserController->userlist[ G:\php study\WWW\thinkphp\thinkphp\application\admin\controller\UserController.php ]
[ info ] [ DB ] INIT mysql
[ info ] [ LOG ] INIT File
[ sql ] [ DB ] CONNECT:[ UseTime:2.078119s ] mysql:host=103.59.147.236;dbname=qgwrustt_dzhao;charset=utf8
[ sql ] [ SQL ] SHOW COLUMNS FROM `userlist` [ RunTime:0.212012s ]
[ sql ] [ SQL ] SELECT * FROM `userlist` WHERE (  `openid` = 'oBn-tw7QR4Ps3DaObmtU69XSxpno' ) AND `userlist`.`delete_time` IS NULL LIMIT 1 [ RunTime:0.497029s ]
[ sql ] [ SQL ] SELECT * FROM `userlist` WHERE (  `openid` = 'oBn-tw2y5KnCjzAa7RBTzGkZi_O0' ) AND `userlist`.`delete_time` IS NULL LIMIT 1 [ RunTime:0.195012s ]
[ sql ] [ SQL ] SELECT * FROM `userlist` WHERE (  `openid` = 'oBn-tw4I8G1yjNErx-28J0z_DYBo' ) AND `userlist`.`delete_time` IS NULL LIMIT 1 [ RunTime:0.185011s ]
---------------------------------------------------------------
[ 2017-12-10T14:53:25+08:00 ] 0.0.0.0 127.0.0.1 GET /admin/index/index
[ info ] 127.0.0.1:86/admin/index/index [运行时间：0.087005s][吞吐率：11.49req/s] [内存消耗：2,190.45kb] [文件加载：104]
[ info ] [ LANG ] G:\php study\WWW\thinkphp\thinkphp\thinkphp\lang\zh-cn.php
[ info ] [ ROUTE ] array (
  'type' => 'module',
  'module' => 
  array (
    0 => 'admin',
    1 => 'index',
    2 => 'index',
  ),
)
[ info ] [ HEADER ] array (
  'host' => '127.0.0.1:86',
  'connection' => 'keep-alive',
  'cache-control' => 'max-age=0',
  'user-agent' => 'Mozilla/5.0 (Windows NT 6.1; WOW64) AppleWebKit/537.36 (KHTML, like Gecko) Chrome/62.0.3202.9 Safari/537.36',
  'upgrade-insecure-requests' => '1',
  'accept' => 'text/html,application/xhtml+xml,application/xml;q=0.9,image/webp,image/apng,*/*;q=0.8',
  'accept-encoding' => 'gzip, deflate, br',
  'accept-language' => 'zh-CN,zh;q=0.8',
)
[ info ] [ PARAM ] array (
)
[ info ] [ RUN ] app\admin\controller\IndexController->index[ G:\php study\WWW\thinkphp\thinkphp\application\admin\controller\IndexController.php ]
[ info ] [ VIEW ] G:\php study\WWW\thinkphp\thinkphp\public/../application/admin\view\index\index.html [ array (
) ]
[ info ] [ LOG ] INIT File
---------------------------------------------------------------
[ 2017-12-10T14:53:29+08:00 ] 0.0.0.0 127.0.0.1 GET /admin/user/index
[ info ] 127.0.0.1:86/admin/user/index [运行时间：2.800160s][吞吐率：0.36req/s] [内存消耗：2,499.64kb] [文件加载：67]
[ info ] [ LANG ] G:\php study\WWW\thinkphp\thinkphp\thinkphp\lang\zh-cn.php
[ info ] [ ROUTE ] array (
  'type' => 'module',
  'module' => 
  array (
    0 => 'admin',
    1 => 'user',
    2 => 'index',
  ),
)
[ info ] [ HEADER ] array (
  'host' => '127.0.0.1:86',
  'connection' => 'keep-alive',
  'upgrade-insecure-requests' => '1',
  'user-agent' => 'Mozilla/5.0 (Windows NT 6.1; WOW64) AppleWebKit/537.36 (KHTML, like Gecko) Chrome/62.0.3202.9 Safari/537.36',
  'accept' => 'text/html,application/xhtml+xml,application/xml;q=0.9,image/webp,image/apng,*/*;q=0.8',
  'referer' => 'http://127.0.0.1:86/admin/index/index',
  'accept-encoding' => 'gzip, deflate, br',
  'accept-language' => 'zh-CN,zh;q=0.8',
)
[ info ] [ PARAM ] array (
)
[ info ] [ RUN ] app\admin\controller\UserController->index[ G:\php study\WWW\thinkphp\thinkphp\application\admin\controller\UserController.php ]
[ info ] [ DB ] INIT mysql
[ info ] [ LOG ] INIT File
[ sql ] [ DB ] CONNECT:[ UseTime:1.559089s ] mysql:host=103.59.147.236;dbname=qgwrustt_dzhao;charset=utf8
[ sql ] [ SQL ] SHOW COLUMNS FROM `userlist` [ RunTime:0.541031s ]
[ sql ] [ SQL ] SELECT COUNT(*) AS tp_count FROM `userlist` WHERE `userlist`.`delete_time` IS NULL LIMIT 1 [ RunTime:0.223012s ]
[ sql ] [ SQL ] SELECT * FROM `userlist` WHERE `userlist`.`delete_time` IS NULL LIMIT 0,2 [ RunTime:0.226013s ]
[ error ] [0]模板文件不存在:G:\php study\WWW\thinkphp\thinkphp\public/../application/admin\view\user\index.html[G:\php study\WWW\thinkphp\thinkphp\thinkphp\library\think\view\driver\Think.php:80]
---------------------------------------------------------------
[ 2017-12-10T14:55:29+08:00 ] 0.0.0.0 127.0.0.1 GET /admin/user/index
[ info ] 127.0.0.1:86/admin/user/index [运行时间：1.897109s][吞吐率：0.53req/s] [内存消耗：2,602.18kb] [文件加载：67]
[ info ] [ LANG ] G:\php study\WWW\thinkphp\thinkphp\thinkphp\lang\zh-cn.php
[ info ] [ ROUTE ] array (
  'type' => 'module',
  'module' => 
  array (
    0 => 'admin',
    1 => 'user',
    2 => 'index',
  ),
)
[ info ] [ HEADER ] array (
  'host' => '127.0.0.1:86',
  'connection' => 'keep-alive',
  'cache-control' => 'max-age=0',
  'user-agent' => 'Mozilla/5.0 (Windows NT 6.1; WOW64) AppleWebKit/537.36 (KHTML, like Gecko) Chrome/62.0.3202.9 Safari/537.36',
  'upgrade-insecure-requests' => '1',
  'accept' => 'text/html,application/xhtml+xml,application/xml;q=0.9,image/webp,image/apng,*/*;q=0.8',
  'referer' => 'http://127.0.0.1:86/admin/index/index',
  'accept-encoding' => 'gzip, deflate, br',
  'accept-language' => 'zh-CN,zh;q=0.8',
)
[ info ] [ PARAM ] array (
)
[ info ] [ RUN ] app\admin\controller\UserController->index[ G:\php study\WWW\thinkphp\thinkphp\application\admin\controller\UserController.php ]
[ info ] [ DB ] INIT mysql
[ info ] [ VIEW ] G:\php study\WWW\thinkphp\thinkphp\public/../application/admin\view\user\index.html [ array (
  0 => 'pages',
) ]
[ info ] [ LOG ] INIT File
[ sql ] [ DB ] CONNECT:[ UseTime:1.421082s ] mysql:host=103.59.147.236;dbname=qgwrustt_dzhao;charset=utf8
[ sql ] [ SQL ] SHOW COLUMNS FROM `userlist` [ RunTime:0.141008s ]
[ sql ] [ SQL ] SELECT COUNT(*) AS tp_count FROM `userlist` WHERE `userlist`.`delete_time` IS NULL LIMIT 1 [ RunTime:0.145008s ]
[ sql ] [ SQL ] SELECT * FROM `userlist` WHERE `userlist`.`delete_time` IS NULL LIMIT 0,2 [ RunTime:0.140008s ]
---------------------------------------------------------------
[ 2017-12-10T14:55:36+08:00 ] 0.0.0.0 127.0.0.1 GET /admin/news/newstext
[ info ] 127.0.0.1:86/admin/news/newstext [运行时间：2.370136s][吞吐率：0.42req/s] [内存消耗：2,559.05kb] [文件加载：64]
[ info ] [ LANG ] G:\php study\WWW\thinkphp\thinkphp\thinkphp\lang\zh-cn.php
[ info ] [ ROUTE ] array (
  'type' => 'module',
  'module' => 
  array (
    0 => 'admin',
    1 => 'news',
    2 => 'newstext',
  ),
)
[ info ] [ HEADER ] array (
  'host' => '127.0.0.1:86',
  'connection' => 'keep-alive',
  'upgrade-insecure-requests' => '1',
  'user-agent' => 'Mozilla/5.0 (Windows NT 6.1; WOW64) AppleWebKit/537.36 (KHTML, like Gecko) Chrome/62.0.3202.9 Safari/537.36',
  'accept' => 'text/html,application/xhtml+xml,application/xml;q=0.9,image/webp,image/apng,*/*;q=0.8',
  'referer' => 'http://127.0.0.1:86/admin/user/index',
  'accept-encoding' => 'gzip, deflate, br',
  'accept-language' => 'zh-CN,zh;q=0.8',
)
[ info ] [ PARAM ] array (
)
[ info ] [ RUN ] app\admin\controller\NewsController->newstext[ G:\php study\WWW\thinkphp\thinkphp\application\admin\controller\NewsController.php ]
[ info ] [ DB ] INIT mysql
[ info ] [ VIEW ] G:\php study\WWW\thinkphp\thinkphp\public/../application/admin\view\news\newstext.html [ array (
  0 => 'image',
) ]
[ info ] [ LOG ] INIT File
[ sql ] [ DB ] CONNECT:[ UseTime:1.502086s ] mysql:host=103.59.147.236;dbname=qgwrustt_dzhao;charset=utf8
[ sql ] [ SQL ] SHOW COLUMNS FROM `image` [ RunTime:0.512029s ]
[ sql ] [ SQL ] SELECT * FROM `image` WHERE `image`.`delete_time` IS NULL [ RunTime:0.207012s ]
---------------------------------------------------------------
[ 2017-12-10T15:06:05+08:00 ] 0.0.0.0 127.0.0.1 GET /admin/news/newstext
[ info ] 127.0.0.1:86/admin/news/newstext [运行时间：2.725156s][吞吐率：0.37req/s] [内存消耗：2,421.07kb] [文件加载：62]
[ info ] [ LANG ] G:\php study\WWW\thinkphp\thinkphp\thinkphp\lang\zh-cn.php
[ info ] [ ROUTE ] array (
  'type' => 'module',
  'module' => 
  array (
    0 => 'admin',
    1 => 'news',
    2 => 'newstext',
  ),
)
[ info ] [ HEADER ] array (
  'host' => '127.0.0.1:86',
  'connection' => 'keep-alive',
  'cache-control' => 'max-age=0',
  'user-agent' => 'Mozilla/5.0 (Windows NT 6.1; WOW64) AppleWebKit/537.36 (KHTML, like Gecko) Chrome/62.0.3202.9 Safari/537.36',
  'upgrade-insecure-requests' => '1',
  'accept' => 'text/html,application/xhtml+xml,application/xml;q=0.9,image/webp,image/apng,*/*;q=0.8',
  'referer' => 'http://127.0.0.1:86/admin/user/index',
  'accept-encoding' => 'gzip, deflate, br',
  'accept-language' => 'zh-CN,zh;q=0.8',
)
[ info ] [ PARAM ] array (
)
[ info ] [ RUN ] app\admin\controller\NewsController->newstext[ G:\php study\WWW\thinkphp\thinkphp\application\admin\controller\NewsController.php ]
[ info ] [ DB ] INIT mysql
[ info ] [ VIEW ] G:\php study\WWW\thinkphp\thinkphp\public/../application/admin\view\news\newstext.html [ array (
  0 => 'image',
) ]
[ info ] [ LOG ] INIT File
[ sql ] [ DB ] CONNECT:[ UseTime:2.267130s ] mysql:host=103.59.147.236;dbname=qgwrustt_dzhao;charset=utf8
[ sql ] [ SQL ] SHOW COLUMNS FROM `image` [ RunTime:0.210012s ]
[ sql ] [ SQL ] SELECT * FROM `image` WHERE `image`.`delete_time` IS NULL [ RunTime:0.207012s ]
---------------------------------------------------------------
[ 2017-12-10T15:08:26+08:00 ] 0.0.0.0 127.0.0.1 GET /admin/news/newstext
[ info ] 127.0.0.1:86/admin/news/newstext [运行时间：1.663095s][吞吐率：0.60req/s] [内存消耗：2,421.07kb] [文件加载：62]
[ info ] [ LANG ] G:\php study\WWW\thinkphp\thinkphp\thinkphp\lang\zh-cn.php
[ info ] [ ROUTE ] array (
  'type' => 'module',
  'module' => 
  array (
    0 => 'admin',
    1 => 'news',
    2 => 'newstext',
  ),
)
[ info ] [ HEADER ] array (
  'host' => '127.0.0.1:86',
  'connection' => 'keep-alive',
  'cache-control' => 'max-age=0',
  'user-agent' => 'Mozilla/5.0 (Windows NT 6.1; WOW64) AppleWebKit/537.36 (KHTML, like Gecko) Chrome/62.0.3202.9 Safari/537.36',
  'upgrade-insecure-requests' => '1',
  'accept' => 'text/html,application/xhtml+xml,application/xml;q=0.9,image/webp,image/apng,*/*;q=0.8',
  'referer' => 'http://127.0.0.1:86/admin/user/index',
  'accept-encoding' => 'gzip, deflate, br',
  'accept-language' => 'zh-CN,zh;q=0.8',
)
[ info ] [ PARAM ] array (
)
[ info ] [ RUN ] app\admin\controller\NewsController->newstext[ G:\php study\WWW\thinkphp\thinkphp\application\admin\controller\NewsController.php ]
[ info ] [ DB ] INIT mysql
[ info ] [ VIEW ] G:\php study\WWW\thinkphp\thinkphp\public/../application/admin\view\news\newstext.html [ array (
  0 => 'image',
) ]
[ info ] [ LOG ] INIT File
[ sql ] [ DB ] CONNECT:[ UseTime:1.326076s ] mysql:host=103.59.147.236;dbname=qgwrustt_dzhao;charset=utf8
[ sql ] [ SQL ] SHOW COLUMNS FROM `image` [ RunTime:0.152009s ]
[ sql ] [ SQL ] SELECT * FROM `image` WHERE `image`.`delete_time` IS NULL [ RunTime:0.142008s ]
---------------------------------------------------------------
[ 2017-12-10T15:13:19+08:00 ] 0.0.0.0 127.0.0.1 GET /admin/news/newstext
[ info ] 127.0.0.1:86/admin/news/newstext [运行时间：2.271130s][吞吐率：0.44req/s] [内存消耗：2,558.23kb] [文件加载：64]
[ info ] [ LANG ] G:\php study\WWW\thinkphp\thinkphp\thinkphp\lang\zh-cn.php
[ info ] [ ROUTE ] array (
  'type' => 'module',
  'module' => 
  array (
    0 => 'admin',
    1 => 'news',
    2 => 'newstext',
  ),
)
[ info ] [ HEADER ] array (
  'host' => '127.0.0.1:86',
  'connection' => 'keep-alive',
  'cache-control' => 'max-age=0',
  'user-agent' => 'Mozilla/5.0 (Windows NT 6.1; WOW64) AppleWebKit/537.36 (KHTML, like Gecko) Chrome/62.0.3202.9 Safari/537.36',
  'upgrade-insecure-requests' => '1',
  'accept' => 'text/html,application/xhtml+xml,application/xml;q=0.9,image/webp,image/apng,*/*;q=0.8',
  'referer' => 'http://127.0.0.1:86/admin/user/index',
  'accept-encoding' => 'gzip, deflate, br',
  'accept-language' => 'zh-CN,zh;q=0.8',
)
[ info ] [ PARAM ] array (
)
[ info ] [ RUN ] app\admin\controller\NewsController->newstext[ G:\php study\WWW\thinkphp\thinkphp\application\admin\controller\NewsController.php ]
[ info ] [ DB ] INIT mysql
[ info ] [ VIEW ] G:\php study\WWW\thinkphp\thinkphp\public/../application/admin\view\news\newstext.html [ array (
  0 => 'image',
) ]
[ info ] [ LOG ] INIT File
[ sql ] [ DB ] CONNECT:[ UseTime:1.463083s ] mysql:host=103.59.147.236;dbname=qgwrustt_dzhao;charset=utf8
[ sql ] [ SQL ] SHOW COLUMNS FROM `image` [ RunTime:0.224013s ]
[ sql ] [ SQL ] SELECT * FROM `image` WHERE `image`.`delete_time` IS NULL [ RunTime:0.526030s ]
---------------------------------------------------------------
[ 2017-12-10T15:13:29+08:00 ] 0.0.0.0 127.0.0.1 GET /admin/user/index
[ info ] 127.0.0.1:86/admin/user/index [运行时间：2.250129s][吞吐率：0.44req/s] [内存消耗：2,476.95kb] [文件加载：65]
[ info ] [ LANG ] G:\php study\WWW\thinkphp\thinkphp\thinkphp\lang\zh-cn.php
[ info ] [ ROUTE ] array (
  'type' => 'module',
  'module' => 
  array (
    0 => 'admin',
    1 => 'user',
    2 => 'index',
  ),
)
[ info ] [ HEADER ] array (
  'host' => '127.0.0.1:86',
  'connection' => 'keep-alive',
  'cache-control' => 'max-age=0',
  'user-agent' => 'Mozilla/5.0 (Windows NT 6.1; WOW64) AppleWebKit/537.36 (KHTML, like Gecko) Chrome/62.0.3202.9 Safari/537.36',
  'upgrade-insecure-requests' => '1',
  'accept' => 'text/html,application/xhtml+xml,application/xml;q=0.9,image/webp,image/apng,*/*;q=0.8',
  'referer' => 'http://127.0.0.1:86/admin/index/index',
  'accept-encoding' => 'gzip, deflate, br',
  'accept-language' => 'zh-CN,zh;q=0.8',
)
[ info ] [ PARAM ] array (
)
[ info ] [ RUN ] app\admin\controller\UserController->index[ G:\php study\WWW\thinkphp\thinkphp\application\admin\controller\UserController.php ]
[ info ] [ DB ] INIT mysql
[ info ] [ VIEW ] G:\php study\WWW\thinkphp\thinkphp\public/../application/admin\view\user\index.html [ array (
  0 => 'pages',
) ]
[ info ] [ LOG ] INIT File
[ sql ] [ DB ] CONNECT:[ UseTime:1.239071s ] mysql:host=103.59.147.236;dbname=qgwrustt_dzhao;charset=utf8
[ sql ] [ SQL ] SHOW COLUMNS FROM `userlist` [ RunTime:0.531030s ]
[ sql ] [ SQL ] SELECT COUNT(*) AS tp_count FROM `userlist` WHERE `userlist`.`delete_time` IS NULL LIMIT 1 [ RunTime:0.215013s ]
[ sql ] [ SQL ] SELECT * FROM `userlist` WHERE `userlist`.`delete_time` IS NULL LIMIT 0,2 [ RunTime:0.227013s ]
