---------------------------------------------------------------
[ 2017-12-13T08:08:06+08:00 ] 0.0.0.0 127.0.0.1 GET /admin/index/index
[ info ] 127.0.0.1:86/admin/index/index [运行时间：32.807876s][吞吐率：0.03req/s] [内存消耗：2,603.55kb] [文件加载：125]
[ info ] [ LANG ] G:\php study\WWW\thinkphp\thinkphp\thinkphp\lang\zh-cn.php
[ info ] [ ROUTE ] array (
  'type' => 'module',
  'module' => 
  array (
    0 => 'admin',
    1 => 'index',
    2 => 'index',
  ),
)
[ info ] [ HEADER ] array (
  'host' => '127.0.0.1:86',
  'connection' => 'keep-alive',
  'user-agent' => 'Mozilla/5.0 (Windows NT 6.1; WOW64) AppleWebKit/537.36 (KHTML, like Gecko) Chrome/62.0.3202.9 Safari/537.36',
  'upgrade-insecure-requests' => '1',
  'accept' => 'text/html,application/xhtml+xml,application/xml;q=0.9,image/webp,image/apng,*/*;q=0.8',
  'accept-encoding' => 'gzip, deflate, br',
  'accept-language' => 'zh-CN,zh;q=0.8',
)
[ info ] [ PARAM ] array (
)
[ info ] [ RUN ] app\admin\controller\IndexController->index[ G:\php study\WWW\thinkphp\thinkphp\application\admin\controller\IndexController.php ]
[ info ] [ LOG ] INIT File
[ error ] [1]Maximum execution time of 30 seconds exceeded[G:\php study\WWW\thinkphp\thinkphp\vendor\psr\http-message\src\StreamInterface.php:12]
---------------------------------------------------------------
[ 2017-12-13T08:16:14+08:00 ] 0.0.0.0 127.0.0.1 GET /admin/index/index
[ info ] 127.0.0.1:86/admin/index/index [运行时间：1.247071s][吞吐率：0.80req/s] [内存消耗：2,635.79kb] [文件加载：131]
[ info ] [ LANG ] G:\php study\WWW\thinkphp\thinkphp\thinkphp\lang\zh-cn.php
[ info ] [ ROUTE ] array (
  'type' => 'module',
  'module' => 
  array (
    0 => 'admin',
    1 => 'index',
    2 => 'index',
  ),
)
[ info ] [ HEADER ] array (
  'host' => '127.0.0.1:86',
  'connection' => 'keep-alive',
  'cache-control' => 'max-age=0',
  'user-agent' => 'Mozilla/5.0 (Windows NT 6.1; WOW64) AppleWebKit/537.36 (KHTML, like Gecko) Chrome/62.0.3202.9 Safari/537.36',
  'upgrade-insecure-requests' => '1',
  'accept' => 'text/html,application/xhtml+xml,application/xml;q=0.9,image/webp,image/apng,*/*;q=0.8',
  'accept-encoding' => 'gzip, deflate, br',
  'accept-language' => 'zh-CN,zh;q=0.8',
)
[ info ] [ PARAM ] array (
)
[ info ] [ RUN ] app\admin\controller\IndexController->index[ G:\php study\WWW\thinkphp\thinkphp\application\admin\controller\IndexController.php ]
[ info ] [ VIEW ] G:\php study\WWW\thinkphp\thinkphp\public/../application/admin\view\index\index.html [ array (
) ]
[ info ] [ LOG ] INIT File
---------------------------------------------------------------
[ 2017-12-13T08:16:50+08:00 ] 0.0.0.0 127.0.0.1 GET /admin/news/newstext
[ info ] 127.0.0.1:86/admin/news/newstext [运行时间：23.544347s][吞吐率：0.04req/s] [内存消耗：2,345.54kb] [文件加载：62]
[ info ] [ LANG ] G:\php study\WWW\thinkphp\thinkphp\thinkphp\lang\zh-cn.php
[ info ] [ ROUTE ] array (
  'type' => 'module',
  'module' => 
  array (
    0 => 'admin',
    1 => 'news',
    2 => 'newstext',
  ),
)
[ info ] [ HEADER ] array (
  'host' => '127.0.0.1:86',
  'connection' => 'keep-alive',
  'upgrade-insecure-requests' => '1',
  'user-agent' => 'Mozilla/5.0 (Windows NT 6.1; WOW64) AppleWebKit/537.36 (KHTML, like Gecko) Chrome/62.0.3202.9 Safari/537.36',
  'accept' => 'text/html,application/xhtml+xml,application/xml;q=0.9,image/webp,image/apng,*/*;q=0.8',
  'referer' => 'http://127.0.0.1:86/admin/index/index',
  'accept-encoding' => 'gzip, deflate, br',
  'accept-language' => 'zh-CN,zh;q=0.8',
)
[ info ] [ PARAM ] array (
)
[ info ] [ RUN ] app\admin\controller\NewsController->newstext[ G:\php study\WWW\thinkphp\thinkphp\application\admin\controller\NewsController.php ]
[ info ] [ DB ] INIT mysql
[ info ] [ LOG ] INIT File
[ error ] [2006]SQLSTATE[HY000] [2006] MySQL server has gone away[G:\php study\WWW\thinkphp\thinkphp\thinkphp\library\think\db\Connection.php:293]
---------------------------------------------------------------
[ 2017-12-13T08:17:03+08:00 ] 0.0.0.0 127.0.0.1 GET /admin/news/newstext
[ info ] 127.0.0.1:86/admin/news/newstext [运行时间：2.215127s][吞吐率：0.45req/s] [内存消耗：2,558.23kb] [文件加载：64]
[ info ] [ LANG ] G:\php study\WWW\thinkphp\thinkphp\thinkphp\lang\zh-cn.php
[ info ] [ ROUTE ] array (
  'type' => 'module',
  'module' => 
  array (
    0 => 'admin',
    1 => 'news',
    2 => 'newstext',
  ),
)
[ info ] [ HEADER ] array (
  'host' => '127.0.0.1:86',
  'connection' => 'keep-alive',
  'cache-control' => 'max-age=0',
  'user-agent' => 'Mozilla/5.0 (Windows NT 6.1; WOW64) AppleWebKit/537.36 (KHTML, like Gecko) Chrome/62.0.3202.9 Safari/537.36',
  'upgrade-insecure-requests' => '1',
  'accept' => 'text/html,application/xhtml+xml,application/xml;q=0.9,image/webp,image/apng,*/*;q=0.8',
  'referer' => 'http://127.0.0.1:86/admin/index/index',
  'accept-encoding' => 'gzip, deflate, br',
  'accept-language' => 'zh-CN,zh;q=0.8',
)
[ info ] [ PARAM ] array (
)
[ info ] [ RUN ] app\admin\controller\NewsController->newstext[ G:\php study\WWW\thinkphp\thinkphp\application\admin\controller\NewsController.php ]
[ info ] [ DB ] INIT mysql
[ info ] [ VIEW ] G:\php study\WWW\thinkphp\thinkphp\public/../application/admin\view\news\newstext.html [ array (
  0 => 'image',
) ]
[ info ] [ LOG ] INIT File
[ sql ] [ DB ] CONNECT:[ UseTime:1.793103s ] mysql:host=103.59.147.236;dbname=qgwrustt_dzhao;charset=utf8
[ sql ] [ SQL ] SHOW COLUMNS FROM `image` [ RunTime:0.115006s ]
[ sql ] [ SQL ] SELECT * FROM `image` WHERE `image`.`delete_time` IS NULL [ RunTime:0.103006s ]
---------------------------------------------------------------
[ 2017-12-13T08:18:41+08:00 ] 0.0.0.0 127.0.0.1 GET /admin/news/newstext
[ info ] 127.0.0.1:86/admin/news/newstext [运行时间：1.993114s][吞吐率：0.50req/s] [内存消耗：2,558.23kb] [文件加载：64]
[ info ] [ LANG ] G:\php study\WWW\thinkphp\thinkphp\thinkphp\lang\zh-cn.php
[ info ] [ ROUTE ] array (
  'type' => 'module',
  'module' => 
  array (
    0 => 'admin',
    1 => 'news',
    2 => 'newstext',
  ),
)
[ info ] [ HEADER ] array (
  'host' => '127.0.0.1:86',
  'connection' => 'keep-alive',
  'cache-control' => 'max-age=0',
  'user-agent' => 'Mozilla/5.0 (Windows NT 6.1; WOW64) AppleWebKit/537.36 (KHTML, like Gecko) Chrome/62.0.3202.9 Safari/537.36',
  'upgrade-insecure-requests' => '1',
  'accept' => 'text/html,application/xhtml+xml,application/xml;q=0.9,image/webp,image/apng,*/*;q=0.8',
  'referer' => 'http://127.0.0.1:86/admin/index/index',
  'accept-encoding' => 'gzip, deflate, br',
  'accept-language' => 'zh-CN,zh;q=0.8',
)
[ info ] [ PARAM ] array (
)
[ info ] [ RUN ] app\admin\controller\NewsController->newstext[ G:\php study\WWW\thinkphp\thinkphp\application\admin\controller\NewsController.php ]
[ info ] [ DB ] INIT mysql
[ info ] [ VIEW ] G:\php study\WWW\thinkphp\thinkphp\public/../application/admin\view\news\newstext.html [ array (
  0 => 'image',
) ]
[ info ] [ LOG ] INIT File
[ sql ] [ DB ] CONNECT:[ UseTime:1.766102s ] mysql:host=103.59.147.236;dbname=qgwrustt_dzhao;charset=utf8
[ sql ] [ SQL ] SHOW COLUMNS FROM `image` [ RunTime:0.095005s ]
[ sql ] [ SQL ] SELECT * FROM `image` WHERE `image`.`delete_time` IS NULL [ RunTime:0.090005s ]
---------------------------------------------------------------
[ 2017-12-13T08:19:18+08:00 ] 0.0.0.0 127.0.0.1 GET /admin/news/newstext
[ info ] 127.0.0.1:86/admin/news/newstext [运行时间：1.474084s][吞吐率：0.68req/s] [内存消耗：2,558.23kb] [文件加载：64]
[ info ] [ LANG ] G:\php study\WWW\thinkphp\thinkphp\thinkphp\lang\zh-cn.php
[ info ] [ ROUTE ] array (
  'type' => 'module',
  'module' => 
  array (
    0 => 'admin',
    1 => 'news',
    2 => 'newstext',
  ),
)
[ info ] [ HEADER ] array (
  'host' => '127.0.0.1:86',
  'connection' => 'keep-alive',
  'cache-control' => 'max-age=0',
  'user-agent' => 'Mozilla/5.0 (Windows NT 6.1; WOW64) AppleWebKit/537.36 (KHTML, like Gecko) Chrome/62.0.3202.9 Safari/537.36',
  'upgrade-insecure-requests' => '1',
  'accept' => 'text/html,application/xhtml+xml,application/xml;q=0.9,image/webp,image/apng,*/*;q=0.8',
  'referer' => 'http://127.0.0.1:86/admin/index/index',
  'accept-encoding' => 'gzip, deflate, br',
  'accept-language' => 'zh-CN,zh;q=0.8',
)
[ info ] [ PARAM ] array (
)
[ info ] [ RUN ] app\admin\controller\NewsController->newstext[ G:\php study\WWW\thinkphp\thinkphp\application\admin\controller\NewsController.php ]
[ info ] [ DB ] INIT mysql
[ info ] [ VIEW ] G:\php study\WWW\thinkphp\thinkphp\public/../application/admin\view\news\newstext.html [ array (
  0 => 'image',
) ]
[ info ] [ LOG ] INIT File
[ sql ] [ DB ] CONNECT:[ UseTime:0.999057s ] mysql:host=103.59.147.236;dbname=qgwrustt_dzhao;charset=utf8
[ sql ] [ SQL ] SHOW COLUMNS FROM `image` [ RunTime:0.101005s ]
[ sql ] [ SQL ] SELECT * FROM `image` WHERE `image`.`delete_time` IS NULL [ RunTime:0.333019s ]
---------------------------------------------------------------
[ 2017-12-13T08:20:24+08:00 ] 0.0.0.0 127.0.0.1 GET /admin/user/index
[ info ] 127.0.0.1:86/admin/user/index [运行时间：1.649094s][吞吐率：0.61req/s] [内存消耗：2,480.91kb] [文件加载：65]
[ info ] [ LANG ] G:\php study\WWW\thinkphp\thinkphp\thinkphp\lang\zh-cn.php
[ info ] [ ROUTE ] array (
  'type' => 'module',
  'module' => 
  array (
    0 => 'admin',
    1 => 'user',
    2 => 'index',
  ),
)
[ info ] [ HEADER ] array (
  'host' => '127.0.0.1:86',
  'connection' => 'keep-alive',
  'upgrade-insecure-requests' => '1',
  'user-agent' => 'Mozilla/5.0 (Windows NT 6.1; WOW64) AppleWebKit/537.36 (KHTML, like Gecko) Chrome/62.0.3202.9 Safari/537.36',
  'accept' => 'text/html,application/xhtml+xml,application/xml;q=0.9,image/webp,image/apng,*/*;q=0.8',
  'referer' => 'http://127.0.0.1:86/admin/news/newstext',
  'accept-encoding' => 'gzip, deflate, br',
  'accept-language' => 'zh-CN,zh;q=0.8',
)
[ info ] [ PARAM ] array (
)
[ info ] [ RUN ] app\admin\controller\UserController->index[ G:\php study\WWW\thinkphp\thinkphp\application\admin\controller\UserController.php ]
[ info ] [ DB ] INIT mysql
[ info ] [ VIEW ] G:\php study\WWW\thinkphp\thinkphp\public/../application/admin\view\user\index.html [ array (
  0 => 'pages',
) ]
[ info ] [ LOG ] INIT File
[ sql ] [ DB ] CONNECT:[ UseTime:0.981056s ] mysql:host=103.59.147.236;dbname=qgwrustt_dzhao;charset=utf8
[ sql ] [ SQL ] SHOW COLUMNS FROM `userlist` [ RunTime:0.346020s ]
[ sql ] [ SQL ] SELECT COUNT(*) AS tp_count FROM `userlist` WHERE `userlist`.`delete_time` IS NULL LIMIT 1 [ RunTime:0.089005s ]
[ sql ] [ SQL ] SELECT * FROM `userlist` WHERE `userlist`.`delete_time` IS NULL LIMIT 0,2 [ RunTime:0.091006s ]
---------------------------------------------------------------
[ 2017-12-13T08:27:00+08:00 ] 0.0.0.0 127.0.0.1 GET /admin/user/index
[ info ] 127.0.0.1:86/admin/user/index [运行时间：1.567090s][吞吐率：0.64req/s] [内存消耗：2,481.57kb] [文件加载：65]
[ info ] [ LANG ] G:\php study\WWW\thinkphp\thinkphp\thinkphp\lang\zh-cn.php
[ info ] [ ROUTE ] array (
  'type' => 'module',
  'module' => 
  array (
    0 => 'admin',
    1 => 'user',
    2 => 'index',
  ),
)
[ info ] [ HEADER ] array (
  'host' => '127.0.0.1:86',
  'connection' => 'keep-alive',
  'cache-control' => 'max-age=0',
  'user-agent' => 'Mozilla/5.0 (Windows NT 6.1; WOW64) AppleWebKit/537.36 (KHTML, like Gecko) Chrome/62.0.3202.9 Safari/537.36',
  'upgrade-insecure-requests' => '1',
  'accept' => 'text/html,application/xhtml+xml,application/xml;q=0.9,image/webp,image/apng,*/*;q=0.8',
  'referer' => 'http://127.0.0.1:86/admin/news/newstext',
  'accept-encoding' => 'gzip, deflate, br',
  'accept-language' => 'zh-CN,zh;q=0.8',
)
[ info ] [ PARAM ] array (
)
[ info ] [ RUN ] app\admin\controller\UserController->index[ G:\php study\WWW\thinkphp\thinkphp\application\admin\controller\UserController.php ]
[ info ] [ DB ] INIT mysql
[ info ] [ VIEW ] G:\php study\WWW\thinkphp\thinkphp\public/../application/admin\view\user\index.html [ array (
  0 => 'pages',
) ]
[ info ] [ LOG ] INIT File
[ sql ] [ DB ] CONNECT:[ UseTime:0.979056s ] mysql:host=103.59.147.236;dbname=qgwrustt_dzhao;charset=utf8
[ sql ] [ SQL ] SHOW COLUMNS FROM `userlist` [ RunTime:0.350020s ]
[ sql ] [ SQL ] SELECT COUNT(*) AS tp_count FROM `userlist` WHERE `userlist`.`delete_time` IS NULL LIMIT 1 [ RunTime:0.095005s ]
[ sql ] [ SQL ] SELECT * FROM `userlist` WHERE `userlist`.`delete_time` IS NULL LIMIT 0,2 [ RunTime:0.094006s ]
---------------------------------------------------------------
[ 2017-12-13T08:27:01+08:00 ] 0.0.0.0 127.0.0.1 GET /admin/news/newstext
[ info ] 127.0.0.1:86/admin/news/newstext [运行时间：1.211069s][吞吐率：0.83req/s] [内存消耗：2,557.82kb] [文件加载：64]
[ info ] [ LANG ] G:\php study\WWW\thinkphp\thinkphp\thinkphp\lang\zh-cn.php
[ info ] [ ROUTE ] array (
  'type' => 'module',
  'module' => 
  array (
    0 => 'admin',
    1 => 'news',
    2 => 'newstext',
  ),
)
[ info ] [ HEADER ] array (
  'host' => '127.0.0.1:86',
  'connection' => 'keep-alive',
  'upgrade-insecure-requests' => '1',
  'user-agent' => 'Mozilla/5.0 (Windows NT 6.1; WOW64) AppleWebKit/537.36 (KHTML, like Gecko) Chrome/62.0.3202.9 Safari/537.36',
  'accept' => 'text/html,application/xhtml+xml,application/xml;q=0.9,image/webp,image/apng,*/*;q=0.8',
  'referer' => 'http://127.0.0.1:86/admin/user/index',
  'accept-encoding' => 'gzip, deflate, br',
  'accept-language' => 'zh-CN,zh;q=0.8',
)
[ info ] [ PARAM ] array (
)
[ info ] [ RUN ] app\admin\controller\NewsController->newstext[ G:\php study\WWW\thinkphp\thinkphp\application\admin\controller\NewsController.php ]
[ info ] [ DB ] INIT mysql
[ info ] [ VIEW ] G:\php study\WWW\thinkphp\thinkphp\public/../application/admin\view\news\newstext.html [ array (
  0 => 'image',
) ]
[ info ] [ LOG ] INIT File
[ sql ] [ DB ] CONNECT:[ UseTime:0.975056s ] mysql:host=103.59.147.236;dbname=qgwrustt_dzhao;charset=utf8
[ sql ] [ SQL ] SHOW COLUMNS FROM `image` [ RunTime:0.099005s ]
[ sql ] [ SQL ] SELECT * FROM `image` WHERE `image`.`delete_time` IS NULL [ RunTime:0.095005s ]
---------------------------------------------------------------
[ 2017-12-13T08:27:31+08:00 ] 0.0.0.0 127.0.0.1 GET /admin/news/newstext
[ info ] 127.0.0.1:86/admin/news/newstext [运行时间：1.211069s][吞吐率：0.83req/s] [内存消耗：2,558.23kb] [文件加载：64]
[ info ] [ LANG ] G:\php study\WWW\thinkphp\thinkphp\thinkphp\lang\zh-cn.php
[ info ] [ ROUTE ] array (
  'type' => 'module',
  'module' => 
  array (
    0 => 'admin',
    1 => 'news',
    2 => 'newstext',
  ),
)
[ info ] [ HEADER ] array (
  'host' => '127.0.0.1:86',
  'connection' => 'keep-alive',
  'cache-control' => 'max-age=0',
  'user-agent' => 'Mozilla/5.0 (Windows NT 6.1; WOW64) AppleWebKit/537.36 (KHTML, like Gecko) Chrome/62.0.3202.9 Safari/537.36',
  'upgrade-insecure-requests' => '1',
  'accept' => 'text/html,application/xhtml+xml,application/xml;q=0.9,image/webp,image/apng,*/*;q=0.8',
  'referer' => 'http://127.0.0.1:86/admin/user/index',
  'accept-encoding' => 'gzip, deflate, br',
  'accept-language' => 'zh-CN,zh;q=0.8',
)
[ info ] [ PARAM ] array (
)
[ info ] [ RUN ] app\admin\controller\NewsController->newstext[ G:\php study\WWW\thinkphp\thinkphp\application\admin\controller\NewsController.php ]
[ info ] [ DB ] INIT mysql
[ info ] [ VIEW ] G:\php study\WWW\thinkphp\thinkphp\public/../application/admin\view\news\newstext.html [ array (
  0 => 'image',
) ]
[ info ] [ LOG ] INIT File
[ sql ] [ DB ] CONNECT:[ UseTime:0.979056s ] mysql:host=103.59.147.236;dbname=qgwrustt_dzhao;charset=utf8
[ sql ] [ SQL ] SHOW COLUMNS FROM `image` [ RunTime:0.098005s ]
[ sql ] [ SQL ] SELECT * FROM `image` WHERE `image`.`delete_time` IS NULL [ RunTime:0.092005s ]
---------------------------------------------------------------
[ 2017-12-13T08:28:03+08:00 ] 0.0.0.0 127.0.0.1 GET /admin/news/newstext
[ info ] 127.0.0.1:86/admin/news/newstext [运行时间：1.759101s][吞吐率：0.57req/s] [内存消耗：2,558.23kb] [文件加载：64]
[ info ] [ LANG ] G:\php study\WWW\thinkphp\thinkphp\thinkphp\lang\zh-cn.php
[ info ] [ ROUTE ] array (
  'type' => 'module',
  'module' => 
  array (
    0 => 'admin',
    1 => 'news',
    2 => 'newstext',
  ),
)
[ info ] [ HEADER ] array (
  'host' => '127.0.0.1:86',
  'connection' => 'keep-alive',
  'cache-control' => 'max-age=0',
  'user-agent' => 'Mozilla/5.0 (Windows NT 6.1; WOW64) AppleWebKit/537.36 (KHTML, like Gecko) Chrome/62.0.3202.9 Safari/537.36',
  'upgrade-insecure-requests' => '1',
  'accept' => 'text/html,application/xhtml+xml,application/xml;q=0.9,image/webp,image/apng,*/*;q=0.8',
  'referer' => 'http://127.0.0.1:86/admin/user/index',
  'accept-encoding' => 'gzip, deflate, br',
  'accept-language' => 'zh-CN,zh;q=0.8',
)
[ info ] [ PARAM ] array (
)
[ info ] [ RUN ] app\admin\controller\NewsController->newstext[ G:\php study\WWW\thinkphp\thinkphp\application\admin\controller\NewsController.php ]
[ info ] [ DB ] INIT mysql
[ info ] [ VIEW ] G:\php study\WWW\thinkphp\thinkphp\public/../application/admin\view\news\newstext.html [ array (
  0 => 'image',
) ]
[ info ] [ LOG ] INIT File
[ sql ] [ DB ] CONNECT:[ UseTime:1.275073s ] mysql:host=103.59.147.236;dbname=qgwrustt_dzhao;charset=utf8
[ sql ] [ SQL ] SHOW COLUMNS FROM `image` [ RunTime:0.348020s ]
[ sql ] [ SQL ] SELECT * FROM `image` WHERE `image`.`delete_time` IS NULL [ RunTime:0.096006s ]
---------------------------------------------------------------
[ 2017-12-13T14:11:19+08:00 ] 0.0.0.0 127.0.0.1 GET /admin/user/dooauth
[ info ] 127.0.0.1:86/admin/user/dooauth [运行时间：0.980056s][吞吐率：1.02req/s] [内存消耗：2,466.45kb] [文件加载：114]
[ info ] [ LANG ] G:\php study\WWW\thinkphp\thinkphp\thinkphp\lang\zh-cn.php
[ info ] [ ROUTE ] array (
  'type' => 'module',
  'module' => 
  array (
    0 => 'admin',
    1 => 'user',
    2 => 'dooauth',
  ),
)
[ info ] [ HEADER ] array (
  'host' => '127.0.0.1:86',
  'connection' => 'keep-alive',
  'user-agent' => 'Mozilla/5.0 (Windows NT 6.1; WOW64) AppleWebKit/537.36 (KHTML, like Gecko) Chrome/62.0.3202.9 Safari/537.36',
  'upgrade-insecure-requests' => '1',
  'accept' => 'text/html,application/xhtml+xml,application/xml;q=0.9,image/webp,image/apng,*/*;q=0.8',
  'accept-encoding' => 'gzip, deflate, br',
  'accept-language' => 'zh-CN,zh;q=0.8',
)
[ info ] [ PARAM ] array (
)
[ info ] [ RUN ] app\admin\controller\UserController->dooauth[ G:\php study\WWW\thinkphp\thinkphp\application\admin\controller\UserController.php ]
[ info ] [ LOG ] INIT File
---------------------------------------------------------------
[ 2017-12-13T14:16:40+08:00 ] 0.0.0.0 127.0.0.1 GET /admin/user/dooauth
[ info ] 127.0.0.1:86/admin/user/dooauth [运行时间：0.103005s][吞吐率：9.71req/s] [内存消耗：2,625.38kb] [文件加载：118]
[ info ] [ LANG ] G:\php study\WWW\thinkphp\thinkphp\thinkphp\lang\zh-cn.php
[ info ] [ ROUTE ] array (
  'type' => 'module',
  'module' => 
  array (
    0 => 'admin',
    1 => 'user',
    2 => 'dooauth',
  ),
)
[ info ] [ HEADER ] array (
  'host' => '127.0.0.1:86',
  'connection' => 'keep-alive',
  'cache-control' => 'max-age=0',
  'user-agent' => 'Mozilla/5.0 (Windows NT 6.1; WOW64) AppleWebKit/537.36 (KHTML, like Gecko) Chrome/62.0.3202.9 Safari/537.36',
  'upgrade-insecure-requests' => '1',
  'accept' => 'text/html,application/xhtml+xml,application/xml;q=0.9,image/webp,image/apng,*/*;q=0.8',
  'accept-encoding' => 'gzip, deflate, br',
  'accept-language' => 'zh-CN,zh;q=0.8',
)
[ info ] [ PARAM ] array (
)
[ info ] [ RUN ] app\admin\controller\UserController->dooauth[ G:\php study\WWW\thinkphp\thinkphp\application\admin\controller\UserController.php ]
[ info ] [ LOG ] INIT File
---------------------------------------------------------------
[ 2017-12-13T15:25:17+08:00 ] 0.0.0.0 127.0.0.1 GET /admin/index/index
[ info ] 127.0.0.1:86/admin/index/index [运行时间：0.318018s][吞吐率：3.14req/s] [内存消耗：2,764.15kb] [文件加载：133]
[ info ] [ LANG ] G:\php study\WWW\thinkphp\thinkphp\thinkphp\lang\zh-cn.php
[ info ] [ ROUTE ] array (
  'type' => 'module',
  'module' => 
  array (
    0 => 'admin',
    1 => 'index',
    2 => 'index',
  ),
)
[ info ] [ HEADER ] array (
  'host' => '127.0.0.1:86',
  'connection' => 'keep-alive',
  'user-agent' => 'Mozilla/5.0 (Windows NT 6.1; WOW64) AppleWebKit/537.36 (KHTML, like Gecko) Chrome/62.0.3202.9 Safari/537.36',
  'upgrade-insecure-requests' => '1',
  'accept' => 'text/html,application/xhtml+xml,application/xml;q=0.9,image/webp,image/apng,*/*;q=0.8',
  'accept-encoding' => 'gzip, deflate, br',
  'accept-language' => 'zh-CN,zh;q=0.8',
)
[ info ] [ PARAM ] array (
)
[ info ] [ RUN ] app\admin\controller\IndexController->index[ G:\php study\WWW\thinkphp\thinkphp\application\admin\controller\IndexController.php ]
[ info ] [ VIEW ] G:\php study\WWW\thinkphp\thinkphp\public/../application/admin\view\index\index.html [ array (
) ]
[ info ] [ LOG ] INIT File
---------------------------------------------------------------
[ 2017-12-13T16:03:27+08:00 ] 0.0.0.0 127.0.0.1 GET /admin/index/docreate
[ info ] 127.0.0.1:86/admin/index/docreate [运行时间：0.848048s][吞吐率：1.18req/s] [内存消耗：2,649.71kb] [文件加载：132]
[ info ] [ LANG ] G:\php study\WWW\thinkphp\thinkphp\thinkphp\lang\zh-cn.php
[ info ] [ ROUTE ] array (
  'type' => 'module',
  'module' => 
  array (
    0 => 'admin',
    1 => 'index',
    2 => 'docreate',
  ),
)
[ info ] [ HEADER ] array (
  'host' => '127.0.0.1:86',
  'connection' => 'keep-alive',
  'user-agent' => 'Mozilla/5.0 (Windows NT 6.1; WOW64) AppleWebKit/537.36 (KHTML, like Gecko) Chrome/62.0.3202.9 Safari/537.36',
  'upgrade-insecure-requests' => '1',
  'accept' => 'text/html,application/xhtml+xml,application/xml;q=0.9,image/webp,image/apng,*/*;q=0.8',
  'accept-encoding' => 'gzip, deflate, br',
  'accept-language' => 'zh-CN,zh;q=0.8',
)
[ info ] [ PARAM ] array (
)
[ info ] [ RUN ] app\admin\controller\IndexController->docreate[ G:\php study\WWW\thinkphp\thinkphp\application\admin\controller\IndexController.php ]
[ info ] [ LOG ] INIT File
